#
# A fatal error has been detected by the Java Runtime Environment:
#
#  SIGSEGV (0xb) at pc=0x00007fdb73428a6b, pid=5682, tid=140580195698432
#
# JRE version: Java(TM) SE Runtime Environment (7.0_79-b15) (build 1.7.0_79-b15)
# Java VM: Java HotSpot(TM) 64-Bit Server VM (24.79-b02 mixed mode linux-amd64 compressed oops)
# Problematic frame:
# V  [libjvm.so+0x558a6b]  STWGCTimer::register_gc_start(Ticks const&)+0xb
#
# Failed to write core dump. Core dumps have been disabled. To enable core dumping, try "ulimit -c unlimited" before starting Java again
#
# If you would like to submit a bug report, please visit:
#   http://bugreport.java.com/bugreport/crash.jsp
#

---------------  T H R E A D  ---------------

Current thread (0x00007fdb6c06c800):  VMThread [stack: 0x00007fdb60908000,0x00007fdb60a09000] [id=5694]

siginfo:si_signo=SIGSEGV: si_errno=0, si_code=1 (SEGV_MAPERR), si_addr=0x0000000000000000

Registers:
RAX=0x0000000000000000, RBX=0x00007fdb6c01a4a0, RCX=0x0000000000000018, RDX=0x00007fdb60a07740
RSP=0x00007fdb60a07390, RBP=0x00007fdb60a07390, RSI=0x00007fdb60a07740, RDI=0x00007fdb73d1f580
R8 =0x0000000000000000, R9 =0x0000000000000001, R10=0x000000005cbd27ea, R11=0x0000000000000001
R12=0x00007fdb6c01ebe0, R13=0x000000000000000a, R14=0x00007fdb73d33c18, R15=0x000000000000000a
RIP=0x00007fdb73428a6b, EFLAGS=0x0000000000010206, CSGSFS=0x0000000000000033, ERR=0x0000000000000006
  TRAPNO=0x000000000000000e

Top of Stack: (sp=0x00007fdb60a07390)
0x00007fdb60a07390:   00007fdb60a077d0 00007fdb7375a268
0x00007fdb60a073a0:   0000000028500000 0000000010780000
0x00007fdb60a073b0:   0000000000000000 000000000000000a
0x00007fdb60a073c0:   00007fdb6c01cfd0 00007fdb73429baa
0x00007fdb60a073d0:   00007fdb60a07440 00007fdb60a075f0
0x00007fdb60a073e0:   00007fdb60a075b0 00007fdb60a076c0
0x00007fdb60a073f0:   00007fdb73d1dd70 00007fdb73d118d9
0x00007fdb60a07400:   00007fdb60a07690 00007fdb60a07760
0x00007fdb60a07410:   00007fdb60a07630 00007fdb60a07750
0x00007fdb60a07420:   00007fdb6c01a4a0 00007fdb0000000a
0x00007fdb60a07430:   00007fdb6c01d220 00007fdb6c01d2b0
0x00007fdb60a07440:   00007fdb6c01f1c0 00007fdb6c01ebe0
0x00007fdb60a07450:   000000000c39c0f0 0000000009c5a850
0x00007fdb60a07460:   00000000c0c68468 00007fdb6c06a490
0x00007fdb60a07470:   0000000010780000 00007fdb6c02a100
0x00007fdb60a07480:   00007fdb6c02a110 00007fdb6c02a4e8
0x00007fdb60a07490:   00007fdb6c06b770 00000000000003d8
0x00007fdb60a074a0:   00000000004e8314 00000000004cd08d
0x00007fdb60a074b0:   0000000000000000 00007fdb62e18c10
0x00007fdb60a074c0:   00007fdb60a075d0 00007fdb62e18c10
0x00007fdb60a074d0:   0000000072ad2199 0000000000000000
0x00007fdb60a074e0:   00007fdb60a077e0 00007fdb73772626
0x00007fdb60a074f0:   0000001300000000 00007fdb60a07670
0x00007fdb60a07500:   00007fdb60a07800 00007fdb60a07808
0x00007fdb60a07510:   00007fdb60a077f8 00007fdb6c02a120
0x00007fdb60a07520:   00007fdb62e1975c 00007fdb6c02a110
0x00007fdb60a07530:   00007fdb6c02a4e8 00000000000003d8
0x00007fdb60a07540:   00000000002c36f2 00000000004e7f14
0x00007fdb60a07550:   0000000001139c3f 0000000000000000
0x00007fdb60a07560:   0043472000000002 0000000000000000
0x00007fdb60a07570:   000000000000e8ae 00000000015e1990
0x00007fdb60a07580:   0000000000000000 00007fdb6c0689d0 

Instructions: (pc=0x00007fdb73428a6b)
0x00007fdb73428a4b:   fd ff ff 66 90 55 48 83 c7 28 48 89 e5 c9 e9 a2
0x00007fdb73428a5b:   fd ff ff 66 90 55 48 8b 47 28 48 89 f2 48 89 e5
0x00007fdb73428a6b:   c7 00 00 00 00 00 c7 47 44 00 00 00 00 48 c7 47
0x00007fdb73428a7b:   50 00 00 00 00 48 c7 47 48 00 00 00 00 48 c7 47 

Register to memory mapping:

RAX=0x0000000000000000 is an unknown value
RBX=0x00007fdb6c01a4a0 is an unknown value
RCX=0x0000000000000018 is an unknown value
RDX=0x00007fdb60a07740 is an unknown value
RSP=0x00007fdb60a07390 is an unknown value
RBP=0x00007fdb60a07390 is an unknown value
RSI=0x00007fdb60a07740 is an unknown value
RDI=0x00007fdb73d1f580: <offset 0xe4f580> in /usr/lib/jdk/jdk1.7.0_79/jre/lib/amd64/server/libjvm.so at 0x00007fdb72ed0000
R8 =0x0000000000000000 is an unknown value
R9 =0x0000000000000001 is an unknown value
R10=0x000000005cbd27ea is an unknown value
R11=0x0000000000000001 is an unknown value
R12=0x00007fdb6c01ebe0 is an unknown value
R13=0x000000000000000a is an unknown value
R14=0x00007fdb73d33c18: <offset 0xe63c18> in /usr/lib/jdk/jdk1.7.0_79/jre/lib/amd64/server/libjvm.so at 0x00007fdb72ed0000
R15=0x000000000000000a is an unknown value


Stack: [0x00007fdb60908000,0x00007fdb60a09000],  sp=0x00007fdb60a07390,  free space=1020k
Native frames: (J=compiled Java code, j=interpreted, Vv=VM code, C=native code)
V  [libjvm.so+0x558a6b]  STWGCTimer::register_gc_start(Ticks const&)+0xb
V  [libjvm.so+0x88a268]  PSScavenge::invoke_no_policy()+0x48
V  [libjvm.so+0x88b9a1]  PSScavenge::invoke()+0x41
V  [libjvm.so+0x842320]  ParallelScavengeHeap::failed_mem_allocate(unsigned long)+0x70
V  [libjvm.so+0x9a4b67]  VM_ParallelGCFailedAllocation::doit()+0x97
V  [libjvm.so+0x9ac005]  VM_Operation::evaluate()+0x55
V  [libjvm.so+0x9aa3ca]  VMThread::evaluate_operation(VM_Operation*)+0xba
V  [libjvm.so+0x9aa74e]  VMThread::loop()+0x1ce
V  [libjvm.so+0x9aabc0]  VMThread::run()+0x70
V  [libjvm.so+0x821ca8]  java_start(Thread*)+0x108

VM_Operation (0x00007fdb5b45d480): ParallelGCFailedAllocation, mode: safepoint, requested by thread 0x00007fdb30001800


---------------  P R O C E S S  ---------------

Java Threads: ( => current thread )
  0x00007fdb30004000 JavaThread "Thread-3" [_thread_blocked, id=6132, stack(0x00007fdb5a229000,0x00007fdb5a32a000)]
  0x00007fdb30002000 JavaThread "Thread-1" [_thread_blocked, id=6131, stack(0x00007fdb5a32a000,0x00007fdb5a42b000)]
  0x00007fdb30001800 JavaThread "Thread-0" [_thread_blocked, id=6130, stack(0x00007fdb5b35e000,0x00007fdb5b45f000)]
  0x00007fdb34001000 JavaThread "SIGTERM handler" daemon [_thread_blocked, id=6129, stack(0x00007fdb600fe000,0x00007fdb601ff000)]
  0x00007fdaf4003800 JavaThread "HikariCP connection filler (pool HikariPool-0)" daemon [_thread_blocked, id=6127, stack(0x00007fdb5b45f000,0x00007fdb5b560000)]
  0x00007fdaf4002000 JavaThread "HikariCP connection closer (pool HikariPool-0)" daemon [_thread_blocked, id=6126, stack(0x00007fdb5a930000,0x00007fdb5aa31000)]
  0x00007fdae4001800 JavaThread "http-bio-8081-exec-6" daemon [_thread_blocked, id=5729, stack(0x00007fdb5a42b000,0x00007fdb5a52c000)]
  0x00007fdaf0001800 JavaThread "http-bio-8081-exec-5" daemon [_thread_blocked, id=5728, stack(0x00007fdb5a52c000,0x00007fdb5a62d000)]
  0x00007fdaec001800 JavaThread "http-bio-8081-exec-4" daemon [_thread_blocked, id=5727, stack(0x00007fdb5a62d000,0x00007fdb5a72e000)]
  0x00007fdb08004800 JavaThread "http-bio-8081-exec-3" daemon [_thread_blocked, id=5726, stack(0x00007fdb5a72e000,0x00007fdb5a82f000)]
  0x00007fdb003be000 JavaThread "http-bio-8081-exec-2" daemon [_thread_blocked, id=5725, stack(0x00007fdb5a82f000,0x00007fdb5a930000)]
  0x00007fdb000a1800 JavaThread "Hikari Housekeeping Timer (pool HikariPool-0)" daemon [_thread_blocked, id=5722, stack(0x00007fdb5aa31000,0x00007fdb5ab32000)]
  0x00007fdb08003800 JavaThread "http-bio-8081-exec-1" daemon [_thread_blocked, id=5721, stack(0x00007fdb5ab32000,0x00007fdb5ac33000)]
  0x00007fdb6c8da800 JavaThread "http-bio-8081-AsyncTimeout" daemon [_thread_blocked, id=5718, stack(0x00007fdb5ac33000,0x00007fdb5ad34000)]
  0x00007fdb6c911800 JavaThread "http-bio-8081-Acceptor-0" daemon [_thread_in_native, id=5717, stack(0x00007fdb5ad34000,0x00007fdb5ae35000)]
  0x00007fdb6c910800 JavaThread "ContainerBackgroundProcessor[StandardEngine[Tomcat]]" daemon [_thread_blocked, id=5716, stack(0x00007fdb5ae35000,0x00007fdb5af36000)]
  0x00007fdb18a51000 JavaThread "Abandoned connection cleanup thread" daemon [_thread_blocked, id=5713, stack(0x00007fdb5af41000,0x00007fdb5b042000)]
  0x00007fdb1834e000 JavaThread "Thread-2" daemon [_thread_in_native, id=5712, stack(0x00007fdb5b042000,0x00007fdb5b143000)]
  0x00007fdb6c0ab000 JavaThread "Service Thread" daemon [_thread_blocked, id=5708, stack(0x00007fdb5bcfd000,0x00007fdb5bdfe000)]
  0x00007fdb6c0a8800 JavaThread "C2 CompilerThread1" daemon [_thread_blocked, id=5707, stack(0x00007fdb5bdfe000,0x00007fdb5beff000)]
  0x00007fdb6c0a5800 JavaThread "C2 CompilerThread0" daemon [_thread_blocked, id=5706, stack(0x00007fdb5beff000,0x00007fdb5c000000)]
  0x00007fdb6c0a3800 JavaThread "JDWP Event Helper Thread" daemon [_thread_blocked, id=5702, stack(0x00007fdb601ff000,0x00007fdb60300000)]
  0x00007fdb6c09f800 JavaThread "JDWP Transport Listener: dt_socket" daemon [_thread_in_native, id=5701, stack(0x00007fdb60300000,0x00007fdb60401000)]
  0x00007fdb6c092800 JavaThread "Signal Dispatcher" daemon [_thread_blocked, id=5697, stack(0x00007fdb60605000,0x00007fdb60706000)]
  0x00007fdb6c072800 JavaThread "Finalizer" daemon [_thread_blocked, id=5696, stack(0x00007fdb60706000,0x00007fdb60807000)]
  0x00007fdb6c070800 JavaThread "Reference Handler" daemon [_thread_blocked, id=5695, stack(0x00007fdb60807000,0x00007fdb60908000)]
  0x00007fdb6c00c800 JavaThread "main" [_thread_blocked, id=5688, stack(0x00007fdb7483e000,0x00007fdb7493f000)]

Other Threads:
=>0x00007fdb6c06c800 VMThread [stack: 0x00007fdb60908000,0x00007fdb60a09000] [id=5694]
  0x00007fdb6c0b6000 WatcherThread [stack: 0x00007fdb5bbfc000,0x00007fdb5bcfd000] [id=5709]

VM state:at safepoint (normal execution)

VM Mutex/Monitor currently owned by a thread:  ([mutex/lock_event])
[0x00007fdb6c009a90] Threads_lock - owner thread: 0x00007fdb6c06c800
[0x00007fdb6c009f90] Heap_lock - owner thread: 0x00007fdb30001800

Heap
 PSYoungGen      total 196096K, used 179868K [0x00000000ebd00000, 0x00000000f9c80000, 0x0000000100000000)
  eden space 169472K, 100% used [0x00000000ebd00000,0x00000000f6280000,0x00000000f6280000)
  from space 26624K, 39% used [0x00000000f8280000,0x00000000f8ca7108,0x00000000f9c80000)
  to   space 29696K, 0% used [0x00000000f6280000,0x00000000f6280000,0x00000000f7f80000)
 ParOldGen       total 81408K, used 47873K [0x00000000c3800000, 0x00000000c8780000, 0x00000000ebd00000)
  object space 81408K, 58% used [0x00000000c3800000,0x00000000c66c0458,0x00000000c8780000)
 PSPermGen       total 54272K, used 54159K [0x00000000be600000, 0x00000000c1b00000, 0x00000000c3800000)
  object space 54272K, 99% used [0x00000000be600000,0x00000000c1ae3f60,0x00000000c1b00000)

Card table byte_map: [0x00007fdb71b13000,0x00007fdb71d21000] byte_map_base: 0x00007fdb71520000

Polling page: 0x00007fdb74962000

Code Cache  [0x00007fdb62ad9000, 0x00007fdb62ee9000, 0x00007fdb65ad9000)
 total_blobs=1452 nmethods=993 adapters=418 free_code_cache=45206Kb largest_free_block=46100480

Compilation events (10 events):
Event: 1290.944 Thread 0x00007fdb6c0a5800 1114             java.text.MessageFormat::applyPattern (422 bytes)
Event: 1290.967 Thread 0x00007fdb6c0a5800 nmethod 1114 0x00007fdb62db1f50 code [0x00007fdb62db2220, 0x00007fdb62db3b48]
Event: 1479.012 Thread 0x00007fdb6c0a8800 1115 % !         com.mysql.jdbc.AbandonedConnectionCleanupThread::run @ 4 (62 bytes)
Event: 1479.017 Thread 0x00007fdb6c0a8800 nmethod 1115% 0x00007fdb62b85b90 code [0x00007fdb62b85ce0, 0x00007fdb62b85e08]
Event: 1740.891 Thread 0x00007fdb6c0a5800 1116             java.util.concurrent.CopyOnWriteArrayList$COWIterator::hasNext (18 bytes)
Event: 1740.893 Thread 0x00007fdb6c0a5800 nmethod 1116 0x00007fdb62e36550 code [0x00007fdb62e366a0, 0x00007fdb62e36758]
Event: 1922.119 Thread 0x00007fdb6c0a8800 1117             com.mysql.jdbc.CharsetMapping::getMysqlCharsetNameForCollationIndex (35 bytes)
Event: 1922.120 Thread 0x00007fdb6c0a8800 nmethod 1117 0x00007fdb62b85610 code [0x00007fdb62b85760, 0x00007fdb62b85838]
Event: 1922.126 Thread 0x00007fdb6c0a5800 1118             java.lang.Integer::parseInt (261 bytes)
Event: 1922.169 Thread 0x00007fdb6c0a5800 nmethod 1118 0x00007fdb62da3490 code [0x00007fdb62da36c0, 0x00007fdb62da43a0]

GC Heap History (10 events):
Event: 17.298 GC heap before
{Heap before GC invocations=18 (full 1):
 PSYoungGen      total 125952K, used 125922K [0x00000000ebd00000, 0x00000000f5300000, 0x0000000100000000)
  eden space 109568K, 100% used [0x00000000ebd00000,0x00000000f2800000,0x00000000f2800000)
  from space 16384K, 99% used [0x00000000f4300000,0x00000000f52f88c8,0x00000000f5300000)
  to   space 19456K, 0% used [0x00000000f2d00000,0x00000000f2d00000,0x00000000f4000000)
 ParOldGen       total 58880K, used 30429K [0x00000000c3800000, 0x00000000c7180000, 0x00000000ebd00000)
  object space 58880K, 51% used [0x00000000c3800000,0x00000000c55b7788,0x00000000c7180000)
 PSPermGen       total 45568K, used 22634K [0x00000000be600000, 0x00000000c1280000, 0x00000000c3800000)
  object space 45568K, 49% used [0x00000000be600000,0x00000000bfc1a9f8,0x00000000c1280000)
Event: 17.324 GC heap after
Heap after GC invocations=18 (full 1):
 PSYoungGen      total 134144K, used 19454K [0x00000000ebd00000, 0x00000000f7c00000, 0x0000000100000000)
  eden space 114688K, 0% used [0x00000000ebd00000,0x00000000ebd00000,0x00000000f2d00000)
  from space 19456K, 99% used [0x00000000f2d00000,0x00000000f3fff900,0x00000000f4000000)
  to   space 26112K, 0% used [0x00000000f6280000,0x00000000f6280000,0x00000000f7c00000)
 ParOldGen       total 58880K, used 40113K [0x00000000c3800000, 0x00000000c7180000, 0x00000000ebd00000)
  object space 58880K, 68% used [0x00000000c3800000,0x00000000c5f2c648,0x00000000c7180000)
 PSPermGen       total 45568K, used 22634K [0x00000000be600000, 0x00000000c1280000, 0x00000000c3800000)
  object space 45568K, 49% used [0x00000000be600000,0x00000000bfc1a9f8,0x00000000c1280000)
}
Event: 17.957 GC heap before
{Heap before GC invocations=19 (full 1):
 PSYoungGen      total 134144K, used 134142K [0x00000000ebd00000, 0x00000000f7c00000, 0x0000000100000000)
  eden space 114688K, 100% used [0x00000000ebd00000,0x00000000f2d00000,0x00000000f2d00000)
  from space 19456K, 99% used [0x00000000f2d00000,0x00000000f3fff900,0x00000000f4000000)
  to   space 26112K, 0% used [0x00000000f6280000,0x00000000f6280000,0x00000000f7c00000)
 ParOldGen       total 58880K, used 40113K [0x00000000c3800000, 0x00000000c7180000, 0x00000000ebd00000)
  object space 58880K, 68% used [0x00000000c3800000,0x00000000c5f2c648,0x00000000c7180000)
 PSPermGen       total 45568K, used 22637K [0x00000000be600000, 0x00000000c1280000, 0x00000000c3800000)
  object space 45568K, 49% used [0x00000000be600000,0x00000000bfc1b7b0,0x00000000c1280000)
Event: 17.985 GC heap after
Heap after GC invocations=19 (full 1):
 PSYoungGen      total 165888K, used 24460K [0x00000000ebd00000, 0x00000000f8a00000, 0x0000000100000000)
  eden space 139776K, 0% used [0x00000000ebd00000,0x00000000ebd00000,0x00000000f4580000)
  from space 26112K, 93% used [0x00000000f6280000,0x00000000f7a63220,0x00000000f7c00000)
  to   space 29696K, 0% used [0x00000000f4580000,0x00000000f4580000,0x00000000f6280000)
 ParOldGen       total 58880K, used 51056K [0x00000000c3800000, 0x00000000c7180000, 0x00000000ebd00000)
  object space 58880K, 86% used [0x00000000c3800000,0x00000000c69dc070,0x00000000c7180000)
 PSPermGen       total 45568K, used 22637K [0x00000000be600000, 0x00000000c1280000, 0x00000000c3800000)
  object space 45568K, 49% used [0x00000000be600000,0x00000000bfc1b7b0,0x00000000c1280000)
}
Event: 17.985 GC heap before
{Heap before GC invocations=20 (full 2):
 PSYoungGen      total 165888K, used 24460K [0x00000000ebd00000, 0x00000000f8a00000, 0x0000000100000000)
  eden space 139776K, 0% used [0x00000000ebd00000,0x00000000ebd00000,0x00000000f4580000)
  from space 26112K, 93% used [0x00000000f6280000,0x00000000f7a63220,0x00000000f7c00000)
  to   space 29696K, 0% used [0x00000000f4580000,0x00000000f4580000,0x00000000f6280000)
 ParOldGen       total 58880K, used 51056K [0x00000000c3800000, 0x00000000c7180000, 0x00000000ebd00000)
  object space 58880K, 86% used [0x00000000c3800000,0x00000000c69dc070,0x00000000c7180000)
 PSPermGen       total 45568K, used 22637K [0x00000000be600000, 0x00000000c1280000, 0x00000000c3800000)
  object space 45568K, 49% used [0x00000000be600000,0x00000000bfc1b7b0,0x00000000c1280000)
Event: 18.062 GC heap after
Heap after GC invocations=20 (full 2):
 PSYoungGen      total 165888K, used 0K [0x00000000ebd00000, 0x00000000f8a00000, 0x0000000100000000)
  eden space 139776K, 0% used [0x00000000ebd00000,0x00000000ebd00000,0x00000000f4580000)
  from space 26112K, 0% used [0x00000000f6280000,0x00000000f6280000,0x00000000f7c00000)
  to   space 29696K, 0% used [0x00000000f4580000,0x00000000f4580000,0x00000000f6280000)
 ParOldGen       total 81408K, used 40190K [0x00000000c3800000, 0x00000000c8780000, 0x00000000ebd00000)
  object space 81408K, 49% used [0x00000000c3800000,0x00000000c5f3f8a0,0x00000000c8780000)
 PSPermGen       total 51200K, used 22637K [0x00000000be600000, 0x00000000c1800000, 0x00000000c3800000)
  object space 51200K, 44% used [0x00000000be600000,0x00000000bfc1b790,0x00000000c1800000)
}
Event: 19.714 GC heap before
{Heap before GC invocations=21 (full 2):
 PSYoungGen      total 165888K, used 139776K [0x00000000ebd00000, 0x00000000f8a00000, 0x0000000100000000)
  eden space 139776K, 100% used [0x00000000ebd00000,0x00000000f4580000,0x00000000f4580000)
  from space 26112K, 0% used [0x00000000f6280000,0x00000000f6280000,0x00000000f7c00000)
  to   space 29696K, 0% used [0x00000000f4580000,0x00000000f4580000,0x00000000f6280000)
 ParOldGen       total 81408K, used 40190K [0x00000000c3800000, 0x00000000c8780000, 0x00000000ebd00000)
  object space 81408K, 49% used [0x00000000c3800000,0x00000000c5f3f8a0,0x00000000c8780000)
 PSPermGen       total 51200K, used 29029K [0x00000000be600000, 0x00000000c1800000, 0x00000000c3800000)
  object space 51200K, 56% used [0x00000000be600000,0x00000000c0259680,0x00000000c1800000)
Event: 19.733 GC heap after
Heap after GC invocations=21 (full 2):
 PSYoungGen      total 169472K, used 20330K [0x00000000ebd00000, 0x00000000fa100000, 0x0000000100000000)
  eden space 139776K, 0% used [0x00000000ebd00000,0x00000000ebd00000,0x00000000f4580000)
  from space 29696K, 68% used [0x00000000f4580000,0x00000000f595a850,0x00000000f6280000)
  to   space 31232K, 0% used [0x00000000f8280000,0x00000000f8280000,0x00000000fa100000)
 ParOldGen       total 81408K, used 40198K [0x00000000c3800000, 0x00000000c8780000, 0x00000000ebd00000)
  object space 81408K, 49% used [0x00000000c3800000,0x00000000c5f418a0,0x00000000c8780000)
 PSPermGen       total 51200K, used 29029K [0x00000000be600000, 0x00000000c1800000, 0x00000000c3800000)
  object space 51200K, 56% used [0x00000000be600000,0x00000000c0259680,0x00000000c1800000)
}
Event: 22.944 GC heap before
{Heap before GC invocations=22 (full 2):
 PSYoungGen      total 169472K, used 160106K [0x00000000ebd00000, 0x00000000fa100000, 0x0000000100000000)
  eden space 139776K, 100% used [0x00000000ebd00000,0x00000000f4580000,0x00000000f4580000)
  from space 29696K, 68% used [0x00000000f4580000,0x00000000f595a850,0x00000000f6280000)
  to   space 31232K, 0% used [0x00000000f8280000,0x00000000f8280000,0x00000000fa100000)
 ParOldGen       total 81408K, used 40198K [0x00000000c3800000, 0x00000000c8780000, 0x00000000ebd00000)
  object space 81408K, 49% used [0x00000000c3800000,0x00000000c5f418a0,0x00000000c8780000)
 PSPermGen       total 51200K, used 39329K [0x00000000be600000, 0x00000000c1800000, 0x00000000c3800000)
  object space 51200K, 76% used [0x00000000be600000,0x00000000c0c68468,0x00000000c1800000)
Event: 23.004 GC heap after
Heap after GC invocations=22 (full 2):
 PSYoungGen      total 196096K, used 10396K [0x00000000ebd00000, 0x00000000f9c80000, 0x0000000100000000)
  eden space 169472K, 0% used [0x00000000ebd00000,0x00000000ebd00000,0x00000000f6280000)
  from space 26624K, 39% used [0x00000000f8280000,0x00000000f8ca7108,0x00000000f9c80000)
  to   space 29696K, 0% used [0x00000000f6280000,0x00000000f6280000,0x00000000f7f80000)
 ParOldGen       total 81408K, used 47873K [0x00000000c3800000, 0x00000000c8780000, 0x00000000ebd00000)
  object space 81408K, 58% used [0x00000000c3800000,0x00000000c66c0458,0x00000000c8780000)
 PSPermGen       total 51200K, used 39329K [0x00000000be600000, 0x00000000c1800000, 0x00000000c3800000)
  object space 51200K, 76% used [0x00000000be600000,0x00000000c0c68468,0x00000000c1800000)
}

Deoptimization events (10 events):
Event: 32.191 Thread 0x00007fdb08003800 Uncommon trap: reason=unhandled action=none pc=0x00007fdb62de23d4 method=java.net.URLClassLoader$1.run()Ljava/lang/Class; @ 72
Event: 32.191 Thread 0x00007fdb08003800 Uncommon trap: reason=unhandled action=none pc=0x00007fdb62de23d4 method=java.net.URLClassLoader$1.run()Ljava/lang/Class; @ 72
Event: 32.192 Thread 0x00007fdb08003800 Uncommon trap: reason=unhandled action=none pc=0x00007fdb62de23d4 method=java.net.URLClassLoader$1.run()Ljava/lang/Class; @ 72
Event: 34.635 Thread 0x00007fdb14001800 Uncommon trap: reason=unreached action=reinterpret pc=0x00007fdb62bb08a8 method=java.util.concurrent.locks.AbstractQueuedSynchronizer.release(I)Z @ 14
Event: 92.396 Thread 0x00007fdaf0001800 Uncommon trap: reason=unhandled action=none pc=0x00007fdb62de23d4 method=java.net.URLClassLoader$1.run()Ljava/lang/Class; @ 72
Event: 660.892 Thread 0x00007fdb000a1800 Uncommon trap: reason=unhandled action=none pc=0x00007fdb62de23d4 method=java.net.URLClassLoader$1.run()Ljava/lang/Class; @ 72
Event: 660.892 Thread 0x00007fdb000a1800 Uncommon trap: reason=unhandled action=none pc=0x00007fdb62de23d4 method=java.net.URLClassLoader$1.run()Ljava/lang/Class; @ 72
Event: 660.896 Thread 0x00007fdaf4002000 Uncommon trap: reason=unhandled action=none pc=0x00007fdb62de23d4 method=java.net.URLClassLoader$1.run()Ljava/lang/Class; @ 72
Event: 660.896 Thread 0x00007fdaf4002000 Uncommon trap: reason=unhandled action=none pc=0x00007fdb62de23d4 method=java.net.URLClassLoader$1.run()Ljava/lang/Class; @ 72
Event: 1922.247 Thread 0x00007fdaf4003800 Uncommon trap: reason=unhandled action=none pc=0x00007fdb62da3f48 method=java.lang.Integer.parseInt(Ljava/lang/String;I)I @ 204

Internal exceptions (10 events):
Event: 32.191 Thread 0x00007fdb08003800 Threw 0x00000000f47d2298 at /HUDSON/workspace/7u-2-build-linux-amd64/jdk7u79/2331/hotspot/src/share/vm/prims/jvm.cpp:1304
Event: 32.191 Thread 0x00007fdb08003800 Threw 0x00000000f47dff68 at /HUDSON/workspace/7u-2-build-linux-amd64/jdk7u79/2331/hotspot/src/share/vm/prims/jvm.cpp:1304
Event: 32.192 Thread 0x00007fdb08003800 Threw 0x00000000f47e3ad8 at /HUDSON/workspace/7u-2-build-linux-amd64/jdk7u79/2331/hotspot/src/share/vm/prims/jvm.cpp:1304
Event: 92.396 Thread 0x00007fdaf0001800 Threw 0x00000000f4e77bf8 at /HUDSON/workspace/7u-2-build-linux-amd64/jdk7u79/2331/hotspot/src/share/vm/prims/jni.cpp:743
Event: 92.396 Thread 0x00007fdaf0001800 Threw 0x00000000f4e789c8 at /HUDSON/workspace/7u-2-build-linux-amd64/jdk7u79/2331/hotspot/src/share/vm/prims/jvm.cpp:1304
Event: 92.488 Thread 0x00007fdae4001800 Threw 0x00000000f501f6f0 at /HUDSON/workspace/7u-2-build-linux-amd64/jdk7u79/2331/hotspot/src/share/vm/prims/jni.cpp:743
Event: 660.892 Thread 0x00007fdb000a1800 Threw 0x00000000f537fd18 at /HUDSON/workspace/7u-2-build-linux-amd64/jdk7u79/2331/hotspot/src/share/vm/prims/jvm.cpp:1304
Event: 660.892 Thread 0x00007fdb000a1800 Threw 0x00000000f53801a8 at /HUDSON/workspace/7u-2-build-linux-amd64/jdk7u79/2331/hotspot/src/share/vm/prims/jvm.cpp:1304
Event: 660.896 Thread 0x00007fdaf4002000 Threw 0x00000000f5517578 at /HUDSON/workspace/7u-2-build-linux-amd64/jdk7u79/2331/hotspot/src/share/vm/prims/jvm.cpp:1304
Event: 660.896 Thread 0x00007fdaf4002000 Threw 0x00000000f5517a38 at /HUDSON/workspace/7u-2-build-linux-amd64/jdk7u79/2331/hotspot/src/share/vm/prims/jvm.cpp:1304

Events (10 events):
Event: 1922.247 Thread 0x00007fdaf4003800 DEOPT PACKING pc=0x00007fdb62da3f48 sp=0x00007fdb5b55dff0
Event: 1922.247 Thread 0x00007fdaf4003800 DEOPT UNPACKING pc=0x00007fdb62b12445 sp=0x00007fdb5b55dfb8 mode 2
Event: 1923.947 Thread 0x00007fdb38001000 Thread exited: 0x00007fdb38001000
Event: 1923.948 loading class 0x00007fdb7135b080
Event: 1923.948 loading class 0x00007fdb7135b080 done
Event: 1923.948 Thread 0x00007fdb34001000 Thread added: 0x00007fdb34001000
Event: 1923.948 Thread 0x00007fdb30001800 Thread added: 0x00007fdb30001800
Event: 1923.948 Thread 0x00007fdb30002000 Thread added: 0x00007fdb30002000
Event: 1923.948 Executing VM operation: ParallelGCFailedAllocation
Event: 1923.949 Thread 0x00007fdb30004000 Thread added: 0x00007fdb30004000


Dynamic libraries:
00400000-00401000 r-xp 00000000 08:07 72479808                           /usr/lib/jdk/jdk1.7.0_79/bin/java
00600000-00601000 rw-p 00000000 08:07 72479808                           /usr/lib/jdk/jdk1.7.0_79/bin/java
02570000-02591000 rw-p 00000000 00:00 0                                  [heap]
be600000-c1b00000 rw-p 00000000 00:00 0 
c1b00000-c3800000 rw-p 00000000 00:00 0 
c3800000-c8780000 rw-p 00000000 00:00 0 
c8780000-ebd00000 rw-p 00000000 00:00 0 
ebd00000-f9c80000 rw-p 00000000 00:00 0 
f9c80000-fa100000 ---p 00000000 00:00 0 
fa100000-100000000 rw-p 00000000 00:00 0 
7fdadc000000-7fdadc021000 rw-p 00000000 00:00 0 
7fdadc021000-7fdae0000000 ---p 00000000 00:00 0 
7fdae4000000-7fdae4021000 rw-p 00000000 00:00 0 
7fdae4021000-7fdae8000000 ---p 00000000 00:00 0 
7fdae8000000-7fdae8021000 rw-p 00000000 00:00 0 
7fdae8021000-7fdaec000000 ---p 00000000 00:00 0 
7fdaec000000-7fdaec021000 rw-p 00000000 00:00 0 
7fdaec021000-7fdaf0000000 ---p 00000000 00:00 0 
7fdaf0000000-7fdaf0021000 rw-p 00000000 00:00 0 
7fdaf0021000-7fdaf4000000 ---p 00000000 00:00 0 
7fdaf4000000-7fdaf4021000 rw-p 00000000 00:00 0 
7fdaf4021000-7fdaf8000000 ---p 00000000 00:00 0 
7fdaf8000000-7fdaf8021000 rw-p 00000000 00:00 0 
7fdaf8021000-7fdafc000000 ---p 00000000 00:00 0 
7fdafc000000-7fdafc021000 rw-p 00000000 00:00 0 
7fdafc021000-7fdb00000000 ---p 00000000 00:00 0 
7fdb00000000-7fdb004fa000 rw-p 00000000 00:00 0 
7fdb004fa000-7fdb04000000 ---p 00000000 00:00 0 
7fdb04000000-7fdb04021000 rw-p 00000000 00:00 0 
7fdb04021000-7fdb08000000 ---p 00000000 00:00 0 
7fdb08000000-7fdb08021000 rw-p 00000000 00:00 0 
7fdb08021000-7fdb0c000000 ---p 00000000 00:00 0 
7fdb0c000000-7fdb0c021000 rw-p 00000000 00:00 0 
7fdb0c021000-7fdb10000000 ---p 00000000 00:00 0 
7fdb10000000-7fdb10021000 rw-p 00000000 00:00 0 
7fdb10021000-7fdb14000000 ---p 00000000 00:00 0 
7fdb14000000-7fdb14021000 rw-p 00000000 00:00 0 
7fdb14021000-7fdb18000000 ---p 00000000 00:00 0 
7fdb18000000-7fdb1963d000 rw-p 00000000 00:00 0 
7fdb1963d000-7fdb1c000000 ---p 00000000 00:00 0 
7fdb1c000000-7fdb1c021000 rw-p 00000000 00:00 0 
7fdb1c021000-7fdb20000000 ---p 00000000 00:00 0 
7fdb20000000-7fdb20021000 rw-p 00000000 00:00 0 
7fdb20021000-7fdb24000000 ---p 00000000 00:00 0 
7fdb24000000-7fdb257a9000 rw-p 00000000 00:00 0 
7fdb257a9000-7fdb28000000 ---p 00000000 00:00 0 
7fdb28000000-7fdb29c40000 rw-p 00000000 00:00 0 
7fdb29c40000-7fdb2c000000 ---p 00000000 00:00 0 
7fdb2c000000-7fdb2c021000 rw-p 00000000 00:00 0 
7fdb2c021000-7fdb30000000 ---p 00000000 00:00 0 
7fdb30000000-7fdb30021000 rw-p 00000000 00:00 0 
7fdb30021000-7fdb34000000 ---p 00000000 00:00 0 
7fdb34000000-7fdb34021000 rw-p 00000000 00:00 0 
7fdb34021000-7fdb38000000 ---p 00000000 00:00 0 
7fdb38000000-7fdb380cf000 rw-p 00000000 00:00 0 
7fdb380cf000-7fdb3c000000 ---p 00000000 00:00 0 
7fdb3c000000-7fdb3c021000 rw-p 00000000 00:00 0 
7fdb3c021000-7fdb40000000 ---p 00000000 00:00 0 
7fdb40000000-7fdb40021000 rw-p 00000000 00:00 0 
7fdb40021000-7fdb44000000 ---p 00000000 00:00 0 
7fdb44000000-7fdb44021000 rw-p 00000000 00:00 0 
7fdb44021000-7fdb48000000 ---p 00000000 00:00 0 
7fdb48000000-7fdb48250000 rw-p 00000000 00:00 0 
7fdb48250000-7fdb4c000000 ---p 00000000 00:00 0 
7fdb4c000000-7fdb4c021000 rw-p 00000000 00:00 0 
7fdb4c021000-7fdb50000000 ---p 00000000 00:00 0 
7fdb54000000-7fdb54021000 rw-p 00000000 00:00 0 
7fdb54021000-7fdb58000000 ---p 00000000 00:00 0 
7fdb5a228000-7fdb5a229000 rw-p 00000000 00:00 0 
7fdb5a229000-7fdb5a22c000 ---p 00000000 00:00 0 
7fdb5a22c000-7fdb5a32a000 rw-p 00000000 00:00 0                          [stack:6132]
7fdb5a32a000-7fdb5a32d000 ---p 00000000 00:00 0 
7fdb5a32d000-7fdb5a42b000 rw-p 00000000 00:00 0                          [stack:6131]
7fdb5a42b000-7fdb5a42e000 ---p 00000000 00:00 0 
7fdb5a42e000-7fdb5a52c000 rw-p 00000000 00:00 0                          [stack:5729]
7fdb5a52c000-7fdb5a52f000 ---p 00000000 00:00 0 
7fdb5a52f000-7fdb5a62d000 rw-p 00000000 00:00 0                          [stack:5728]
7fdb5a62d000-7fdb5a630000 ---p 00000000 00:00 0 
7fdb5a630000-7fdb5a72e000 rw-p 00000000 00:00 0                          [stack:5727]
7fdb5a72e000-7fdb5a731000 ---p 00000000 00:00 0 
7fdb5a731000-7fdb5a82f000 rw-p 00000000 00:00 0                          [stack:5726]
7fdb5a82f000-7fdb5a832000 ---p 00000000 00:00 0 
7fdb5a832000-7fdb5a930000 rw-p 00000000 00:00 0                          [stack:5725]
7fdb5a930000-7fdb5a933000 ---p 00000000 00:00 0 
7fdb5a933000-7fdb5aa31000 rw-p 00000000 00:00 0                          [stack:6126]
7fdb5aa31000-7fdb5aa34000 ---p 00000000 00:00 0 
7fdb5aa34000-7fdb5ab32000 rw-p 00000000 00:00 0                          [stack:5722]
7fdb5ab32000-7fdb5ab35000 ---p 00000000 00:00 0 
7fdb5ab35000-7fdb5ac33000 rw-p 00000000 00:00 0                          [stack:5721]
7fdb5ac33000-7fdb5ac36000 ---p 00000000 00:00 0 
7fdb5ac36000-7fdb5ad34000 rw-p 00000000 00:00 0                          [stack:5718]
7fdb5ad34000-7fdb5ad37000 ---p 00000000 00:00 0 
7fdb5ad37000-7fdb5ae35000 rw-p 00000000 00:00 0                          [stack:5717]
7fdb5ae35000-7fdb5ae38000 ---p 00000000 00:00 0 
7fdb5ae38000-7fdb5af36000 rw-p 00000000 00:00 0                          [stack:5716]
7fdb5af36000-7fdb5af41000 r--s 0037c000 08:07 136523793                  /usr/lib/jdk/jdk1.7.0_79/jre/lib/charsets.jar
7fdb5af41000-7fdb5af44000 ---p 00000000 00:00 0 
7fdb5af44000-7fdb5b042000 rw-p 00000000 00:00 0                          [stack:5713]
7fdb5b042000-7fdb5b045000 ---p 00000000 00:00 0 
7fdb5b045000-7fdb5b143000 rw-p 00000000 00:00 0                          [stack:5712]
7fdb5b143000-7fdb5b145000 r--s 0000d000 08:07 217170640                  /usr/local/apache-maven-3.3.9/repository/com/fasterxml/classmate/1.0.0/classmate-1.0.0.jar
7fdb5b145000-7fdb5b147000 r--s 0000c000 08:07 140951431                  /usr/local/apache-maven-3.3.9/repository/org/jboss/logging/jboss-logging/3.1.3.GA/jboss-logging-3.1.3.GA.jar
7fdb5b147000-7fdb5b14b000 r--s 0000c000 08:07 14776071                   /usr/local/apache-maven-3.3.9/repository/javax/validation/validation-api/1.1.0.Final/validation-api-1.1.0.Final.jar
7fdb5b14b000-7fdb5b159000 r--s 0008d000 08:07 139930289                  /usr/local/apache-maven-3.3.9/repository/org/hibernate/hibernate-validator/5.1.3.Final/hibernate-validator-5.1.3.Final.jar
7fdb5b159000-7fdb5b160000 r--s 0003a000 08:07 202039635                  /usr/local/apache-maven-3.3.9/repository/commons-codec/commons-codec/1.9/commons-codec-1.9.jar
7fdb5b160000-7fdb5b16a000 r--s 0005c000 08:07 217407164                  /usr/local/apache-maven-3.3.9/repository/jstl/jstl/1.2/jstl-1.2.jar
7fdb5b16a000-7fdb5b173000 r--s 0006d000 08:07 70235733                   /usr/local/apache-maven-3.3.9/repository/log4j/log4j/1.2.16/log4j-1.2.16.jar
7fdb5b173000-7fdb5b174000 r--s 00002000 08:07 346897                     /usr/local/apache-maven-3.3.9/repository/org/slf4j/slf4j-log4j12/1.6.4/slf4j-log4j12-1.6.4.jar
7fdb5b174000-7fdb5b17a000 r--s 00038000 08:07 202039632                  /usr/local/apache-maven-3.3.9/repository/com/github/jsqlparser/jsqlparser/0.9.1/jsqlparser-0.9.1.jar
7fdb5b17a000-7fdb5b17b000 r--s 00007000 08:07 3952465                    /usr/local/apache-maven-3.3.9/repository/com/github/pagehelper/pagehelper/3.4.2/pagehelper-3.4.2.jar
7fdb5b17b000-7fdb5b17f000 r--s 00034000 08:07 1169918                    /usr/local/apache-maven-3.3.9/repository/com/fasterxml/jackson/core/jackson-core/2.4.2/jackson-core-2.4.2.jar
7fdb5b17f000-7fdb5b182000 r--s 00007000 08:07 217159665                  /usr/local/apache-maven-3.3.9/repository/com/fasterxml/jackson/core/jackson-annotations/2.4.0/jackson-annotations-2.4.0.jar
7fdb5b182000-7fdb5b193000 r--s 000f6000 08:07 140679124                  /usr/local/apache-maven-3.3.9/repository/com/fasterxml/jackson/core/jackson-databind/2.4.2/jackson-databind-2.4.2.jar
7fdb5b193000-7fdb5b233000 r--s 005ff000 08:07 136773439                  /usr/local/apache-maven-3.3.9/repository/net/sf/ehcache/ehcache/2.8.3/ehcache-2.8.3.jar
7fdb5b233000-7fdb5b235000 r--s 00007000 08:07 1109306                    /usr/local/apache-maven-3.3.9/repository/com/google/inject/extensions/guice-multibindings/3.0/guice-multibindings-3.0.jar
7fdb5b235000-7fdb5b236000 r--s 00000000 08:07 217406694                  /usr/local/apache-maven-3.3.9/repository/javax/inject/javax.inject/1/javax.inject-1.jar
7fdb5b236000-7fdb5b245000 r--s 0009f000 08:07 70741145                   /usr/local/apache-maven-3.3.9/repository/com/google/inject/guice/3.0/guice-3.0.jar
7fdb5b245000-7fdb5b25d000 r--s 00100000 08:07 14776072                   /usr/local/apache-maven-3.3.9/repository/com/google/guava/guava/r09/guava-r09.jar
7fdb5b25d000-7fdb5b266000 r--s 00051000 08:07 202041344                  /usr/local/apache-maven-3.3.9/repository/org/apache/shiro/shiro-core/1.2.3/shiro-core-1.2.3.jar
7fdb5b266000-7fdb5b268000 r--s 00009000 08:07 1175100                    /usr/local/apache-maven-3.3.9/repository/org/apache/shiro/shiro-guice/1.2.3/shiro-guice-1.2.3.jar
7fdb5b268000-7fdb5b274000 r--s 00077000 08:07 67322845                   /usr/local/apache-maven-3.3.9/repository/org/apache/shiro/shiro-all/1.2.3/shiro-all-1.2.3.jar
7fdb5b274000-7fdb5b27e000 r--s 000a5000 08:07 140380930                  /usr/local/apache-maven-3.3.9/repository/org/javassist/javassist/3.18.2-GA/javassist-3.18.2-GA.jar
7fdb5b27e000-7fdb5b281000 r--s 00016000 08:07 136751898                  /usr/local/apache-maven-3.3.9/repository/com/zaxxer/HikariCP-java6/2.3.9/HikariCP-java6-2.3.9.jar
7fdb5b281000-7fdb5b28a000 r--s 000e4000 08:07 70235734                   /usr/local/apache-maven-3.3.9/repository/mysql/mysql-connector-java/5.1.32/mysql-connector-java-5.1.32.jar
7fdb5b28a000-7fdb5b29b000 r--s 001d5000 08:07 140907115                  /usr/local/apache-maven-3.3.9/repository/com/oracle/ojdbc6/11.1.0.7.0/ojdbc6-11.1.0.7.0.jar
7fdb5b29b000-7fdb5b2a9000 r--s 0007f000 08:07 72003831                   /usr/local/apache-maven-3.3.9/repository/commons-collections/commons-collections/3.2.1/commons-collections-3.2.1.jar
7fdb5b2a9000-7fdb5b2ae000 r--s 00035000 08:07 72003809                   /usr/local/apache-maven-3.3.9/repository/commons-beanutils/commons-beanutils/1.9.2/commons-beanutils-1.9.2.jar
7fdb5b2ae000-7fdb5b2b1000 r--s 0000a000 08:07 14806469                   /usr/local/apache-maven-3.3.9/repository/javax/persistence/persistence-api/1.0/persistence-api-1.0.jar
7fdb5b2b1000-7fdb5b2b4000 r--s 00013000 08:07 217170653                  /usr/local/apache-maven-3.3.9/repository/com/github/abel533/mapper/2.3.2/mapper-2.3.2.jar
7fdb5b2b4000-7fdb5b2b6000 r--s 00005000 08:07 1175077                    /usr/local/apache-maven-3.3.9/repository/org/slf4j/slf4j-api/1.7.2/slf4j-api-1.7.2.jar
7fdb5b2b6000-7fdb5b2b8000 r--s 0000a000 08:07 1169933                    /usr/local/apache-maven-3.3.9/repository/com/github/miemiedev/mybatis-paginator/1.2.15/mybatis-paginator-1.2.15.jar
7fdb5b2b8000-7fdb5b2ba000 r--s 0000a000 08:07 217851518                  /usr/local/apache-maven-3.3.9/repository/org/mybatis/mybatis-spring/1.2.2/mybatis-spring-1.2.2.jar
7fdb5b2ba000-7fdb5b2c8000 r--s 000a1000 08:07 345280                     /usr/local/apache-maven-3.3.9/repository/org/mybatis/mybatis/3.2.8/mybatis-3.2.8.jar
7fdb5b2c8000-7fdb5b2e1000 r--s 001ae000 08:07 73361034                   /usr/local/apache-maven-3.3.9/repository/org/aspectj/aspectjweaver/1.8.4/aspectjweaver-1.8.4.jar
7fdb5b2e1000-7fdb5b2e3000 r--s 0000c000 08:07 75791215                   /usr/local/apache-maven-3.3.9/repository/org/springframework/spring-aspects/4.1.3.RELEASE/spring-aspects-4.1.3.RELEASE.jar
7fdb5b2e3000-7fdb5b2ea000 r--s 00037000 08:07 9746046                    /usr/local/apache-maven-3.3.9/repository/org/springframework/spring-tx/4.1.3.RELEASE/spring-tx-4.1.3.RELEASE.jar
7fdb5b2ea000-7fdb5b2f4000 r--s 0005f000 08:07 75791444                   /usr/local/apache-maven-3.3.9/repository/org/springframework/spring-jdbc/4.1.3.RELEASE/spring-jdbc-4.1.3.RELEASE.jar
7fdb5b2f4000-7fdb5b304000 r--s 0009f000 08:07 140951432                  /usr/local/apache-maven-3.3.9/repository/org/springframework/spring-web/4.1.3.RELEASE/spring-web-4.1.3.RELEASE.jar
7fdb5b304000-7fdb5b313000 r--s 000b0000 08:07 140270044                  /usr/local/apache-maven-3.3.9/repository/org/springframework/spring-webmvc/4.1.3.RELEASE/spring-webmvc-4.1.3.RELEASE.jar
7fdb5b313000-7fdb5b318000 r--s 0003b000 08:07 140270454                  /usr/local/apache-maven-3.3.9/repository/org/springframework/spring-expression/4.1.3.RELEASE/spring-expression-4.1.3.RELEASE.jar
7fdb5b318000-7fdb5b31a000 r--s 0000e000 08:07 136772397                  /usr/local/apache-maven-3.3.9/repository/commons-logging/commons-logging/1.2/commons-logging-1.2.jar
7fdb5b31a000-7fdb5b32e000 r--s 000e2000 08:07 8064449                    /usr/local/apache-maven-3.3.9/repository/org/springframework/spring-core/4.1.3.RELEASE/spring-core-4.1.3.RELEASE.jar
7fdb5b32e000-7fdb5b33b000 r--s 000a0000 08:07 15428244                   /usr/local/apache-maven-3.3.9/repository/org/springframework/spring-beans/4.1.3.RELEASE/spring-beans-4.1.3.RELEASE.jar
7fdb5b33b000-7fdb5b33d000 r--s 00000000 08:07 16032822                   /usr/local/apache-maven-3.3.9/repository/aopalliance/aopalliance/1.0/aopalliance-1.0.jar
7fdb5b33d000-7fdb5b346000 r--s 0004f000 08:07 70235735                   /usr/local/apache-maven-3.3.9/repository/org/springframework/spring-aop/4.1.3.RELEASE/spring-aop-4.1.3.RELEASE.jar
7fdb5b346000-7fdb5b35e000 r--s 000e3000 08:07 75791247                   /usr/local/apache-maven-3.3.9/repository/org/springframework/spring-context/4.1.3.RELEASE/spring-context-4.1.3.RELEASE.jar
7fdb5b35e000-7fdb5b361000 ---p 00000000 00:00 0 
7fdb5b361000-7fdb5b45f000 rw-p 00000000 00:00 0                          [stack:6130]
7fdb5b45f000-7fdb5b462000 ---p 00000000 00:00 0 
7fdb5b462000-7fdb5b560000 rw-p 00000000 00:00 0                          [stack:6127]
7fdb5b560000-7fdb5b564000 r--s 000f7000 08:07 204443911                  /usr/lib/jdk/jdk1.7.0_79/jre/lib/ext/localedata.jar
7fdb5b564000-7fdb5b56e000 r--s 00253000 08:07 144219198                  /usr/lib/jdk/jdk1.7.0_79/jre/lib/resources.jar
7fdb5b56e000-7fdb5b576000 r-xp 00000000 08:07 71581176                   /usr/lib/jdk/jdk1.7.0_79/jre/lib/amd64/libmanagement.so
7fdb5b576000-7fdb5b775000 ---p 00008000 08:07 71581176                   /usr/lib/jdk/jdk1.7.0_79/jre/lib/amd64/libmanagement.so
7fdb5b775000-7fdb5b776000 rw-p 00007000 08:07 71581176                   /usr/lib/jdk/jdk1.7.0_79/jre/lib/amd64/libmanagement.so
7fdb5b776000-7fdb5b778000 r--s 00003000 08:07 217851350                  /usr/local/apache-maven-3.3.9/repository/org/slf4j/jcl-over-slf4j/1.7.5/jcl-over-slf4j-1.7.5.jar
7fdb5b778000-7fdb5b77a000 r--s 00002000 08:07 8064038                    /usr/local/apache-maven-3.3.9/repository/org/sonatype/plexus/plexus-cipher/1.4/plexus-cipher-1.4.jar
7fdb5b77a000-7fdb5b77b000 r--s 00006000 08:07 140269565                  /usr/local/apache-maven-3.3.9/repository/org/sonatype/plexus/plexus-sec-dispatcher/1.3/plexus-sec-dispatcher-1.3.jar
7fdb5b77b000-7fdb5b77c000 r--s 00002000 08:07 140135546                  /usr/local/apache-maven-3.3.9/repository/org/apache/maven/doxia/doxia-logging-api/1.1/doxia-logging-api-1.1.jar
7fdb5b77c000-7fdb5b77e000 r--s 00002000 08:07 140135720                  /usr/local/apache-maven-3.3.9/repository/org/apache/maven/doxia/doxia-sink-api/1.1/doxia-sink-api-1.1.jar
7fdb5b77e000-7fdb5b77f000 r--s 00002000 08:07 8047089                    /usr/local/apache-maven-3.3.9/repository/org/apache/maven/reporting/maven-reporting-api/2.2.1/maven-reporting-api-2.2.1.jar
7fdb5b77f000-7fdb5b781000 r--s 00009000 08:07 8047119                    /usr/local/apache-maven-3.3.9/repository/org/apache/maven/shared/maven-filtering/1.0/maven-filtering-1.0.jar
7fdb5b781000-7fdb5b785000 r--s 00037000 08:07 9754900                    /usr/local/apache-maven-3.3.9/repository/org/codehaus/plexus/plexus-utils/3.0.15/plexus-utils-3.0.15.jar
7fdb5b785000-7fdb5b788000 r--s 0000c000 08:07 9754624                    /usr/local/apache-maven-3.3.9/repository/org/codehaus/plexus/plexus-io/2.0.3/plexus-io-2.0.3.jar
7fdb5b788000-7fdb5b78a000 r--s 00011000 08:07 140951467                  /usr/local/apache-maven-3.3.9/repository/org/hamcrest/hamcrest-core/1.1/hamcrest-core-1.1.jar
7fdb5b78a000-7fdb5b791000 r--s 00037000 08:07 217407181                  /usr/local/apache-maven-3.3.9/repository/junit/junit/4.10/junit-4.10.jar
7fdb5b791000-7fdb5b796000 r--s 00029000 08:07 9763272                    /usr/local/apache-maven-3.3.9/repository/org/codehaus/plexus/plexus-archiver/2.1.1/plexus-archiver-2.1.1.jar
7fdb5b796000-7fdb5b79a000 r--s 00014000 08:07 140269561                  /usr/local/apache-maven-3.3.9/repository/org/tukaani/xz/1.0/xz-1.0.jar
7fdb5b79a000-7fdb5b79f000 r--s 00036000 08:07 217967298                  /usr/local/apache-maven-3.3.9/repository/org/apache/commons/commons-compress/1.4.1/commons-compress-1.4.1.jar
7fdb5b79f000-7fdb5b7a4000 r--s 00041000 08:07 75568192                   /usr/local/apache-maven-3.3.9/repository/commons-lang/commons-lang/2.6/commons-lang-2.6.jar
7fdb5b7a4000-7fdb5b7a8000 r--s 00027000 08:07 75568185                   /usr/local/apache-maven-3.3.9/repository/commons-io/commons-io/2.2/commons-io-2.2.jar
7fdb5b7a8000-7fdb5b7aa000 r--s 00009000 08:07 220345280                  /usr/local/apache-maven-3.3.9/repository/commons-cli/commons-cli/1.2/commons-cli-1.2.jar
7fdb5b7aa000-7fdb5b7b0000 r--s 00033000 08:07 136770759                  /usr/local/apache-maven-3.3.9/repository/commons-codec/commons-codec/1.6/commons-codec-1.6.jar
7fdb5b7b0000-7fdb5b7b6000 r--s 0003f000 08:07 7070945                    /usr/local/apache-maven-3.3.9/repository/org/apache/httpcomponents/httpcore/4.3/httpcore-4.3.jar
7fdb5b7b6000-7fdb5b7d4000 r--s 00151000 08:07 71084957                   /usr/local/apache-maven-3.3.9/repository/com/google/guava/guava/10.0.1/guava-10.0.1.jar
7fdb5b7d4000-7fdb5b7ea000 r-xp 00000000 08:07 71581203                   /usr/lib/jdk/jdk1.7.0_79/jre/lib/amd64/libnet.so
7fdb5b7ea000-7fdb5b9ea000 ---p 00016000 08:07 71581203                   /usr/lib/jdk/jdk1.7.0_79/jre/lib/amd64/libnet.so
7fdb5b9ea000-7fdb5b9eb000 rw-p 00016000 08:07 71581203                   /usr/lib/jdk/jdk1.7.0_79/jre/lib/amd64/libnet.so
7fdb5b9eb000-7fdb5b9fb000 r-xp 00000000 08:07 71581168                   /usr/lib/jdk/jdk1.7.0_79/jre/lib/amd64/libnio.so
7fdb5b9fb000-7fdb5bbfb000 ---p 00010000 08:07 71581168                   /usr/lib/jdk/jdk1.7.0_79/jre/lib/amd64/libnio.so
7fdb5bbfb000-7fdb5bbfc000 rw-p 00010000 08:07 71581168                   /usr/lib/jdk/jdk1.7.0_79/jre/lib/amd64/libnio.so
7fdb5bbfc000-7fdb5bbfd000 ---p 00000000 00:00 0 
7fdb5bbfd000-7fdb5bcfd000 rw-p 00000000 00:00 0                          [stack:5709]
7fdb5bcfd000-7fdb5bd00000 ---p 00000000 00:00 0 
7fdb5bd00000-7fdb5bdfe000 rw-p 00000000 00:00 0                          [stack:5708]
7fdb5bdfe000-7fdb5be01000 ---p 00000000 00:00 0 
7fdb5be01000-7fdb5beff000 rw-p 00000000 00:00 0                          [stack:5707]
7fdb5beff000-7fdb5bf02000 ---p 00000000 00:00 0 
7fdb5bf02000-7fdb5c000000 rw-p 00000000 00:00 0                          [stack:5706]
7fdb5c000000-7fdb5c021000 rw-p 00000000 00:00 0 
7fdb5c021000-7fdb60000000 ---p 00000000 00:00 0 
7fdb60000000-7fdb60001000 r--s 00004000 08:07 217967924                  /usr/local/apache-maven-3.3.9/repository/org/apache/maven/maven-archiver/2.4.2/maven-archiver-2.4.2.jar
7fdb60001000-7fdb60003000 r--s 00005000 08:07 140133505                  /usr/local/apache-maven-3.3.9/repository/org/apache/tomcat/maven/tomcat7-war-runner/2.2/tomcat7-war-runner-2.2.jar
7fdb60003000-7fdb60005000 r--s 0000e000 08:07 10520553                   /usr/local/apache-maven-3.3.9/repository/commons-logging/commons-logging/1.1.3/commons-logging-1.1.3.jar
7fdb60005000-7fdb60010000 r--s 00084000 08:07 217965272                  /usr/local/apache-maven-3.3.9/repository/org/apache/httpcomponents/httpclient/4.3.1/httpclient-4.3.1.jar
7fdb60010000-7fdb60013000 r--s 00006000 08:07 140506500                  /usr/local/apache-maven-3.3.9/repository/com/google/code/findbugs/jsr305/1.3.9/jsr305-1.3.9.jar
7fdb60013000-7fdb6001b000 r--s 00049000 08:07 202046701                  /usr/local/apache-maven-3.3.9/repository/backport-util-concurrent/backport-util-concurrent/3.1/backport-util-concurrent-3.1.jar
7fdb6001b000-7fdb6001d000 r--s 00008000 08:07 140133499                  /usr/local/apache-maven-3.3.9/repository/org/apache/tomcat/maven/common-tomcat-maven-plugin/2.2/common-tomcat-maven-plugin-2.2.jar
7fdb6001d000-7fdb6002c000 r--s 001a9000 08:07 223770764                  /usr/local/apache-maven-3.3.9/repository/org/eclipse/jdt/core/compiler/ecj/4.2.2/ecj-4.2.2.jar
7fdb6002c000-7fdb6002e000 r--s 00013000 08:07 217965655                  /usr/local/apache-maven-3.3.9/repository/org/apache/tomcat/embed/tomcat-embed-logging-log4j/7.0.47/tomcat-embed-logging-log4j-7.0.47.jar
7fdb6002e000-7fdb60030000 r--s 00008000 08:07 140133518                  /usr/local/apache-maven-3.3.9/repository/org/apache/tomcat/embed/tomcat-embed-logging-juli/7.0.47/tomcat-embed-logging-juli-7.0.47.jar
7fdb60030000-7fdb60032000 r--s 00008000 08:07 7604958                    /usr/local/apache-maven-3.3.9/repository/org/apache/tomcat/tomcat-juli/7.0.47/tomcat-juli-7.0.47.jar
7fdb60032000-7fdb60033000 r--s 00003000 08:07 217965662                  /usr/local/apache-maven-3.3.9/repository/org/apache/tomcat/tomcat-annotations-api/7.0.47/tomcat-annotations-api-7.0.47.jar
7fdb60033000-7fdb60035000 r--s 0001f000 08:07 7604946                    /usr/local/apache-maven-3.3.9/repository/org/apache/tomcat/tomcat-catalina-ha/7.0.47/tomcat-catalina-ha-7.0.47.jar
7fdb60035000-7fdb60039000 r--s 0003b000 08:07 140133485                  /usr/local/apache-maven-3.3.9/repository/org/apache/tomcat/tomcat-tribes/7.0.47/tomcat-tribes-7.0.47.jar
7fdb60039000-7fdb6004b000 r--s 00171000 08:07 67344549                   /usr/local/apache-maven-3.3.9/repository/org/apache/tomcat/tomcat-catalina/7.0.47/tomcat-catalina-7.0.47.jar
7fdb6004b000-7fdb6004d000 r--s 0000a000 08:07 67344555                   /usr/local/apache-maven-3.3.9/repository/org/apache/tomcat/tomcat-el-api/7.0.47/tomcat-el-api-7.0.47.jar
7fdb6004d000-7fdb60050000 r--s 0001c000 08:07 217965674                  /usr/local/apache-maven-3.3.9/repository/org/apache/tomcat/tomcat-jasper-el/7.0.47/tomcat-jasper-el-7.0.47.jar
7fdb60050000-7fdb60058000 r--s 0008b000 08:07 7604952                    /usr/local/apache-maven-3.3.9/repository/org/apache/tomcat/tomcat-jasper/7.0.47/tomcat-jasper-7.0.47.jar
7fdb60058000-7fdb6005b000 r--s 00013000 08:07 67344561                   /usr/local/apache-maven-3.3.9/repository/org/apache/tomcat/tomcat-jsp-api/7.0.47/tomcat-jsp-api-7.0.47.jar
7fdb6005b000-7fdb6005e000 r--s 00029000 08:07 217965680                  /usr/local/apache-maven-3.3.9/repository/org/apache/tomcat/tomcat-servlet-api/7.0.47/tomcat-servlet-api-7.0.47.jar
7fdb6005e000-7fdb60062000 r--s 00036000 08:07 140133473                  /usr/local/apache-maven-3.3.9/repository/org/apache/tomcat/tomcat-dbcp/7.0.47/tomcat-dbcp-7.0.47.jar
7fdb60062000-7fdb60064000 r--s 0001d000 08:07 140133479                  /usr/local/apache-maven-3.3.9/repository/org/apache/tomcat/tomcat-jdbc/7.0.47/tomcat-jdbc-7.0.47.jar
7fdb60064000-7fdb60065000 r--s 00001000 08:07 140133307                  /usr/local/apache-maven-3.3.9/repository/org/apache/tomcat/tomcat-api/7.0.47/tomcat-api-7.0.47.jar
7fdb60065000-7fdb60073000 r--s 000be000 08:07 217965668                  /usr/local/apache-maven-3.3.9/repository/org/apache/tomcat/tomcat-coyote/7.0.47/tomcat-coyote-7.0.47.jar
7fdb60073000-7fdb60074000 r--s 00005000 08:07 67344567                   /usr/local/apache-maven-3.3.9/repository/org/apache/tomcat/tomcat-util/7.0.47/tomcat-util-7.0.47.jar
7fdb60074000-7fdb6009b000 r--s 00290000 08:07 7615368                    /usr/local/apache-maven-3.3.9/repository/org/apache/tomcat/embed/tomcat-embed-core/7.0.47/tomcat-embed-core-7.0.47.jar
7fdb6009b000-7fdb6009d000 r--s 0001a000 08:07 67374731                   /usr/local/apache-maven-3.3.9/repository/org/apache/tomcat/maven/tomcat7-maven-plugin/2.2/tomcat7-maven-plugin-2.2.jar
7fdb6009d000-7fdb600a0000 r--s 0001b000 08:07 136772604                  /usr/local/apache-maven-3.3.9/repository/junit/junit/3.8.2/junit-3.8.2.jar
7fdb600a0000-7fdb600ae000 r--s 0008f000 08:07 217170626                  /usr/local/apache-maven-3.3.9/repository/com/google/collections/google-collections/1.0/google-collections-1.0.jar
7fdb600ae000-7fdb600af000 r--s 0000a000 08:07 202039636                  /usr/local/apache-maven-3.3.9/repository/commons-logging/commons-logging-api/1.1/commons-logging-api-1.1.jar
7fdb600af000-7fdb600b6000 r--s 00051000 08:07 1999208                    /usr/local/apache-maven-3.3.9/repository/log4j/log4j/1.2.12/log4j-1.2.12.jar
7fdb600b6000-7fdb600ba000 r--s 0001d000 08:07 75693218                   /usr/local/apache-maven-3.3.9/repository/org/apache/xbean/xbean-reflect/3.4/xbean-reflect-3.4.jar
7fdb600ba000-7fdb600bc000 r--s 00000000 08:07 202039642                  /usr/local/apache-maven-3.3.9/repository/org/codehaus/plexus/plexus-compiler-manager/2.2/plexus-compiler-manager-2.2.jar
7fdb600bc000-7fdb600be000 r--s 00005000 08:07 140380902                  /usr/local/apache-maven-3.3.9/repository/org/codehaus/plexus/plexus-compiler-api/2.2/plexus-compiler-api-2.2.jar
7fdb600be000-7fdb600c0000 r--s 00000000 08:07 9754641                    /usr/local/apache-maven-3.3.9/repository/org/codehaus/plexus/plexus-component-annotations/1.5.5/plexus-component-annotations-1.5.5.jar
7fdb600c0000-7fdb600c2000 r--s 00002000 08:07 202041343                  /usr/local/apache-maven-3.3.9/repository/org/apache/maven/shared/maven-shared-incremental/1.1/maven-shared-incremental-1.1.jar
7fdb600c2000-7fdb600c4000 r--s 00006000 08:07 70738820                   /usr/local/apache-maven-3.3.9/repository/com/google/code/findbugs/jsr305/2.0.1/jsr305-2.0.1.jar
7fdb600c4000-7fdb600c7000 r--s 00023000 08:07 140249215                  /usr/local/apache-maven-3.3.9/repository/org/apache/maven/shared/maven-shared-utils/0.1/maven-shared-utils-0.1.jar
7fdb600c7000-7fdb600cb000 r--s 00030000 08:07 140381160                  /usr/local/apache-maven-3.3.9/repository/org/codehaus/plexus/plexus-utils/1.5.1/plexus-utils-1.5.1.jar
7fdb600cb000-7fdb600cd000 r--s 00009000 08:07 8046919                    /usr/local/apache-maven-3.3.9/repository/org/apache/maven/plugins/maven-compiler-plugin/3.1/maven-compiler-plugin-3.1.jar
7fdb600cd000-7fdb600fe000 rw-p 00000000 00:00 0 
7fdb600fe000-7fdb60101000 ---p 00000000 00:00 0 
7fdb60101000-7fdb601ff000 rw-p 00000000 00:00 0                          [stack:6129]
7fdb601ff000-7fdb60202000 ---p 00000000 00:00 0 
7fdb60202000-7fdb60300000 rw-p 00000000 00:00 0                          [stack:5702]
7fdb60300000-7fdb60303000 ---p 00000000 00:00 0 
7fdb60303000-7fdb60401000 rw-p 00000000 00:00 0                          [stack:5701]
7fdb60401000-7fdb60405000 r-xp 00000000 08:07 71581211                   /usr/lib/jdk/jdk1.7.0_79/jre/lib/amd64/libdt_socket.so
7fdb60405000-7fdb60604000 ---p 00004000 08:07 71581211                   /usr/lib/jdk/jdk1.7.0_79/jre/lib/amd64/libdt_socket.so
7fdb60604000-7fdb60605000 rw-p 00003000 08:07 71581211                   /usr/lib/jdk/jdk1.7.0_79/jre/lib/amd64/libdt_socket.so
7fdb60605000-7fdb60608000 ---p 00000000 00:00 0 
7fdb60608000-7fdb60706000 rw-p 00000000 00:00 0                          [stack:5697]
7fdb60706000-7fdb60709000 ---p 00000000 00:00 0 
7fdb60709000-7fdb60807000 rw-p 00000000 00:00 0                          [stack:5696]
7fdb60807000-7fdb6080a000 ---p 00000000 00:00 0 
7fdb6080a000-7fdb60908000 rw-p 00000000 00:00 0                          [stack:5695]
7fdb60908000-7fdb60909000 ---p 00000000 00:00 0 
7fdb60909000-7fdb62ad9000 rw-p 00000000 00:00 0                          [stack:5694]
7fdb62ad9000-7fdb62ee9000 rwxp 00000000 00:00 0 
7fdb62ee9000-7fdb65ad9000 rw-p 00000000 00:00 0 
7fdb65ad9000-7fdb6c000000 r--p 00000000 08:07 1969495                    /usr/lib/locale/locale-archive
7fdb6c000000-7fdb6c9b8000 rw-p 00000000 00:00 0 
7fdb6c9b8000-7fdb70000000 ---p 00000000 00:00 0 
7fdb70000000-7fdb70001000 r--s 00004000 08:07 9755086                    /usr/local/apache-maven-3.3.9/repository/org/codehaus/plexus/plexus-compiler-javac/2.2/plexus-compiler-javac-2.2.jar
7fdb70001000-7fdb70003000 r--s 0000d000 08:07 140380937                  /usr/local/apache-maven-3.3.9/repository/org/codehaus/plexus/plexus-interpolation/1.13/plexus-interpolation-1.13.jar
7fdb70003000-7fdb70004000 r--s 00001000 08:07 8064091                    /usr/local/apache-maven-3.3.9/repository/org/sonatype/plexus/plexus-build-api/0.0.4/plexus-build-api-0.0.4.jar
7fdb70004000-7fdb70006000 r--s 00009000 08:07 218045570                  /usr/local/apache-maven-3.3.9/repository/org/apache/maven/shared/maven-filtering/1.1/maven-filtering-1.1.jar
7fdb70006000-7fdb7000a000 r--s 00033000 08:07 140380956                  /usr/local/apache-maven-3.3.9/repository/org/codehaus/plexus/plexus-utils/2.0.5/plexus-utils-2.0.5.jar
7fdb7000a000-7fdb7000d000 r--s 0001b000 08:07 14806436                   /usr/local/apache-maven-3.3.9/repository/junit/junit/3.8.1/junit-3.8.1.jar
7fdb7000d000-7fdb7000f000 r--s 00002000 08:07 140381180                  /usr/local/apache-maven-3.3.9/repository/org/codehaus/plexus/plexus-interactivity-api/1.0-alpha-4/plexus-interactivity-api-1.0-alpha-4.jar
7fdb7000f000-7fdb70011000 r--s 00006000 08:07 140679126                  /usr/local/apache-maven-3.3.9/repository/commons-cli/commons-cli/1.0/commons-cli-1.0.jar
7fdb70011000-7fdb70012000 r--s 00001000 08:07 67325887                   /usr/local/apache-maven-3.3.9/repository/org/apache/maven/doxia/doxia-sink-api/1.0-alpha-7/doxia-sink-api-1.0-alpha-7.jar
7fdb70012000-7fdb70013000 r--s 00002000 08:07 75694174                   /usr/local/apache-maven-3.3.9/repository/org/apache/maven/reporting/maven-reporting-api/2.0.6/maven-reporting-api-2.0.6.jar
7fdb70013000-7fdb70015000 r--s 00006000 08:07 218045584                  /usr/local/apache-maven-3.3.9/repository/org/apache/maven/plugins/maven-resources-plugin/2.6/maven-resources-plugin-2.6.jar
7fdb70015000-7fdb70019000 r--s 0008b000 08:07 136523773                  /usr/lib/jdk/jdk1.7.0_79/jre/lib/jsse.jar
7fdb70019000-7fdb7001a000 r--s 00002000 08:07 134744699                  /usr/local/apache-maven-3.3.9/lib/slf4j-simple-1.7.5.jar
7fdb7001a000-7fdb7001c000 r--s 00005000 08:07 134744698                  /usr/local/apache-maven-3.3.9/lib/aether-transport-wagon-1.0.2.v20150114.jar
7fdb7001c000-7fdb7001d000 r--s 00008000 08:07 134744697                  /usr/local/apache-maven-3.3.9/lib/aether-connector-basic-1.0.2.v20150114.jar
7fdb7001d000-7fdb7001e000 r--s 00002000 08:07 134744696                  /usr/local/apache-maven-3.3.9/lib/wagon-file-2.10.jar
7fdb7001e000-7fdb70022000 r--s 00027000 08:07 134744695                  /usr/local/apache-maven-3.3.9/lib/commons-io-2.2.jar
7fdb70022000-7fdb70027000 r--s 00041000 08:07 134744694                  /usr/local/apache-maven-3.3.9/lib/commons-lang-2.6.jar
7fdb70027000-7fdb7002d000 r--s 00042000 08:07 134744693                  /usr/local/apache-maven-3.3.9/lib/jsoup-1.7.2.jar
7fdb7002d000-7fdb7002e000 r--s 00002000 08:07 134744692                  /usr/local/apache-maven-3.3.9/lib/wagon-http-shared-2.10.jar
7fdb7002e000-7fdb7005c000 r--s 001fa000 08:07 134744691                  /usr/local/apache-maven-3.3.9/lib/wagon-http-2.10-shaded.jar
7fdb7005c000-7fdb7005e000 r--s 00009000 08:07 134744690                  /usr/local/apache-maven-3.3.9/lib/commons-cli-1.2.jar
7fdb7005e000-7fdb70060000 r--s 00005000 08:07 134744689                  /usr/local/apache-maven-3.3.9/lib/slf4j-api-1.7.5.jar
7fdb70060000-7fdb70063000 r--s 0000b000 08:07 134744688                  /usr/local/apache-maven-3.3.9/lib/wagon-provider-api-2.10.jar
7fdb70063000-7fdb70069000 r--s 00041000 08:07 134744687                  /usr/local/apache-maven-3.3.9/lib/maven-compat-3.3.9.jar
7fdb70069000-7fdb7006b000 r--s 00000000 08:07 134744686                  /usr/local/apache-maven-3.3.9/lib/aopalliance-1.0.jar
7fdb7006b000-7fdb70074000 r--s 0005f000 08:07 134744685                  /usr/local/apache-maven-3.3.9/lib/guice-4.0-no_aop.jar
7fdb70074000-7fdb70078000 r--s 00027000 08:07 134744684                  /usr/local/apache-maven-3.3.9/lib/aether-impl-1.0.2.v20150114.jar
7fdb70078000-7fdb7007c000 r--s 00020000 08:07 134744683                  /usr/local/apache-maven-3.3.9/lib/aether-util-1.0.2.v20150114.jar
7fdb7007c000-7fdb7007e000 r--s 00006000 08:07 134744682                  /usr/local/apache-maven-3.3.9/lib/aether-spi-1.0.2.v20150114.jar
7fdb7007e000-7fdb70083000 r--s 0001d000 08:07 134744681                  /usr/local/apache-maven-3.3.9/lib/aether-api-1.0.2.v20150114.jar
7fdb70083000-7fdb70085000 r--s 0000f000 08:07 134744680                  /usr/local/apache-maven-3.3.9/lib/maven-aether-provider-3.3.9.jar
7fdb70085000-7fdb700b0000 r--s 001fc000 08:07 134744679                  /usr/local/apache-maven-3.3.9/lib/guava-18.0.jar
7fdb700b0000-7fdb700b5000 r--s 00027000 08:07 134744678                  /usr/local/apache-maven-3.3.9/lib/maven-model-builder-3.3.9.jar
7fdb700b5000-7fdb700bd000 r--s 00055000 08:07 134744677                  /usr/local/apache-maven-3.3.9/lib/org.eclipse.sisu.inject-0.3.2.jar
7fdb700bd000-7fdb700be000 r--s 00000000 08:07 134744676                  /usr/local/apache-maven-3.3.9/lib/javax.inject-1.jar
7fdb700be000-7fdb700bf000 r--s 00001000 08:07 134744675                  /usr/local/apache-maven-3.3.9/lib/jsr250-api-1.0.jar
7fdb700bf000-7fdb700c2000 r--s 00008000 08:07 134744674                  /usr/local/apache-maven-3.3.9/lib/cdi-api-1.0.jar
7fdb700c2000-7fdb700c8000 r--s 0002d000 08:07 134744673                  /usr/local/apache-maven-3.3.9/lib/org.eclipse.sisu.plexus-0.3.2.jar
7fdb700c8000-7fdb700ca000 r--s 0000a000 08:07 134744672                  /usr/local/apache-maven-3.3.9/lib/maven-plugin-api-3.3.9.jar
7fdb700ca000-7fdb700cc000 r--s 0000c000 08:07 134744671                  /usr/local/apache-maven-3.3.9/lib/maven-artifact-3.3.9.jar
7fdb700cc000-7fdb700cd000 r--s 00006000 08:07 134744670                  /usr/local/apache-maven-3.3.9/lib/maven-repository-metadata-3.3.9.jar
7fdb700cd000-7fdb700cf000 r--s 00002000 08:07 134744669                  /usr/local/apache-maven-3.3.9/lib/plexus-cipher-1.7.jar
7fdb700cf000-7fdb700d0000 r--s 00006000 08:07 134744668                  /usr/local/apache-maven-3.3.9/lib/plexus-sec-dispatcher-1.3.jar
7fdb700d0000-7fdb700d2000 r--s 00000000 08:07 134744667                  /usr/local/apache-maven-3.3.9/lib/plexus-component-annotations-1.6.jar
7fdb700d2000-7fdb700d5000 r--s 0000d000 08:07 134744666                  /usr/local/apache-maven-3.3.9/lib/plexus-interpolation-1.21.jar
7fdb700d5000-7fdb700d7000 r--s 00009000 08:07 134744664                  /usr/local/apache-maven-3.3.9/lib/maven-settings-builder-3.3.9.jar
7fdb700d7000-7fdb700de000 r--s 00064000 08:07 134744663                  /usr/local/apache-maven-3.3.9/lib/commons-lang3-3.4.jar
7fdb700de000-7fdb710dd000 rw-p 00000000 00:00 0 
7fdb710dd000-7fdb7129d000 r--s 039f7000 08:07 136523792                  /usr/lib/jdk/jdk1.7.0_79/jre/lib/rt.jar
7fdb7129d000-7fdb715a3000 rw-p 00000000 00:00 0 
7fdb715a3000-7fdb715a4000 ---p 00000000 00:00 0 
7fdb715a4000-7fdb716a4000 rw-p 00000000 00:00 0                          [stack:5692]
7fdb716a4000-7fdb716a5000 ---p 00000000 00:00 0 
7fdb716a5000-7fdb717a5000 rw-p 00000000 00:00 0                          [stack:5691]
7fdb717a5000-7fdb717a6000 ---p 00000000 00:00 0 
7fdb717a6000-7fdb718a6000 rw-p 00000000 00:00 0                          [stack:5690]
7fdb718a6000-7fdb718a7000 ---p 00000000 00:00 0 
7fdb718a7000-7fdb719c2000 rw-p 00000000 00:00 0                          [stack:5689]
7fdb719c2000-7fdb719d0000 rw-p 00000000 00:00 0 
7fdb719d0000-7fdb719f8000 rw-p 00000000 00:00 0 
7fdb719f8000-7fdb71b13000 rw-p 00000000 00:00 0 
7fdb71b13000-7fdb71b2e000 rw-p 00000000 00:00 0 
7fdb71b2e000-7fdb71b3c000 rw-p 00000000 00:00 0 
7fdb71b3c000-7fdb71b64000 rw-p 00000000 00:00 0 
7fdb71b64000-7fdb71c7e000 rw-p 00000000 00:00 0 
7fdb71c7e000-7fdb71cef000 rw-p 00000000 00:00 0 
7fdb71cef000-7fdb71cf1000 ---p 00000000 00:00 0 
7fdb71cf1000-7fdb71d20000 rw-p 00000000 00:00 0 
7fdb71d20000-7fdb71d21000 rw-p 00000000 00:00 0 
7fdb71d21000-7fdb71d3b000 r-xp 00000000 08:07 71581198                   /usr/lib/jdk/jdk1.7.0_79/jre/lib/amd64/libzip.so
7fdb71d3b000-7fdb71f3b000 ---p 0001a000 08:07 71581198                   /usr/lib/jdk/jdk1.7.0_79/jre/lib/amd64/libzip.so
7fdb71f3b000-7fdb71f3c000 rw-p 0001a000 08:07 71581198                   /usr/lib/jdk/jdk1.7.0_79/jre/lib/amd64/libzip.so
7fdb71f3c000-7fdb71f48000 r-xp 00000000 08:07 70634626                   /usr/lib64/libnss_files-2.17.so
7fdb71f48000-7fdb72147000 ---p 0000c000 08:07 70634626                   /usr/lib64/libnss_files-2.17.so
7fdb72147000-7fdb72148000 r--p 0000b000 08:07 70634626                   /usr/lib64/libnss_files-2.17.so
7fdb72148000-7fdb72149000 rw-p 0000c000 08:07 70634626                   /usr/lib64/libnss_files-2.17.so
7fdb72149000-7fdb7214f000 rw-p 00000000 00:00 0 
7fdb7214f000-7fdb72151000 r-xp 00000000 08:07 71546979                   /usr/lib/jdk/jdk1.7.0_79/jre/lib/amd64/libnpt.so
7fdb72151000-7fdb72351000 ---p 00002000 08:07 71546979                   /usr/lib/jdk/jdk1.7.0_79/jre/lib/amd64/libnpt.so
7fdb72351000-7fdb72352000 rw-p 00002000 08:07 71546979                   /usr/lib/jdk/jdk1.7.0_79/jre/lib/amd64/libnpt.so
7fdb72352000-7fdb7238b000 r-xp 00000000 08:07 71581170                   /usr/lib/jdk/jdk1.7.0_79/jre/lib/amd64/libjdwp.so
7fdb7238b000-7fdb7258b000 ---p 00039000 08:07 71581170                   /usr/lib/jdk/jdk1.7.0_79/jre/lib/amd64/libjdwp.so
7fdb7258b000-7fdb7258c000 rw-p 00039000 08:07 71581170                   /usr/lib/jdk/jdk1.7.0_79/jre/lib/amd64/libjdwp.so
7fdb7258c000-7fdb7258d000 rw-p 00000000 00:00 0 
7fdb7258d000-7fdb725b6000 r-xp 00000000 08:07 71581163                   /usr/lib/jdk/jdk1.7.0_79/jre/lib/amd64/libjava.so
7fdb725b6000-7fdb727b6000 ---p 00029000 08:07 71581163                   /usr/lib/jdk/jdk1.7.0_79/jre/lib/amd64/libjava.so
7fdb727b6000-7fdb727b8000 rw-p 00029000 08:07 71581163                   /usr/lib/jdk/jdk1.7.0_79/jre/lib/amd64/libjava.so
7fdb727b8000-7fdb727c5000 r-xp 00000000 08:07 71581191                   /usr/lib/jdk/jdk1.7.0_79/jre/lib/amd64/libverify.so
7fdb727c5000-7fdb729c4000 ---p 0000d000 08:07 71581191                   /usr/lib/jdk/jdk1.7.0_79/jre/lib/amd64/libverify.so
7fdb729c4000-7fdb729c6000 rw-p 0000c000 08:07 71581191                   /usr/lib/jdk/jdk1.7.0_79/jre/lib/amd64/libverify.so
7fdb729c6000-7fdb729cd000 r-xp 00000000 08:07 70634629                   /usr/lib64/librt-2.17.so
7fdb729cd000-7fdb72bcc000 ---p 00007000 08:07 70634629                   /usr/lib64/librt-2.17.so
7fdb72bcc000-7fdb72bcd000 r--p 00006000 08:07 70634629                   /usr/lib64/librt-2.17.so
7fdb72bcd000-7fdb72bce000 rw-p 00007000 08:07 70634629                   /usr/lib64/librt-2.17.so
7fdb72bce000-7fdb72ccf000 r-xp 00000000 08:07 70634624                   /usr/lib64/libm-2.17.so
7fdb72ccf000-7fdb72ece000 ---p 00101000 08:07 70634624                   /usr/lib64/libm-2.17.so
7fdb72ece000-7fdb72ecf000 r--p 00100000 08:07 70634624                   /usr/lib64/libm-2.17.so
7fdb72ecf000-7fdb72ed0000 rw-p 00101000 08:07 70634624                   /usr/lib64/libm-2.17.so
7fdb72ed0000-7fdb73a45000 r-xp 00000000 08:07 71581214                   /usr/lib/jdk/jdk1.7.0_79/jre/lib/amd64/server/libjvm.so
7fdb73a45000-7fdb73c45000 ---p 00b75000 08:07 71581214                   /usr/lib/jdk/jdk1.7.0_79/jre/lib/amd64/server/libjvm.so
7fdb73c45000-7fdb73d09000 rw-p 00b75000 08:07 71581214                   /usr/lib/jdk/jdk1.7.0_79/jre/lib/amd64/server/libjvm.so
7fdb73d09000-7fdb73d4a000 rw-p 00000000 00:00 0 
7fdb73d4a000-7fdb73f01000 r-xp 00000000 08:07 67385240                   /usr/lib64/libc-2.17.so
7fdb73f01000-7fdb74101000 ---p 001b7000 08:07 67385240                   /usr/lib64/libc-2.17.so
7fdb74101000-7fdb74105000 r--p 001b7000 08:07 67385240                   /usr/lib64/libc-2.17.so
7fdb74105000-7fdb74107000 rw-p 001bb000 08:07 67385240                   /usr/lib64/libc-2.17.so
7fdb74107000-7fdb7410c000 rw-p 00000000 00:00 0 
7fdb7410c000-7fdb7410f000 r-xp 00000000 08:07 70634623                   /usr/lib64/libdl-2.17.so
7fdb7410f000-7fdb7430e000 ---p 00003000 08:07 70634623                   /usr/lib64/libdl-2.17.so
7fdb7430e000-7fdb7430f000 r--p 00002000 08:07 70634623                   /usr/lib64/libdl-2.17.so
7fdb7430f000-7fdb74310000 rw-p 00003000 08:07 70634623                   /usr/lib64/libdl-2.17.so
7fdb74310000-7fdb74326000 r-xp 00000000 08:07 71799317                   /usr/lib/jdk/jdk1.7.0_79/lib/amd64/jli/libjli.so
7fdb74326000-7fdb74526000 ---p 00016000 08:07 71799317                   /usr/lib/jdk/jdk1.7.0_79/lib/amd64/jli/libjli.so
7fdb74526000-7fdb74527000 rw-p 00016000 08:07 71799317                   /usr/lib/jdk/jdk1.7.0_79/lib/amd64/jli/libjli.so
7fdb74527000-7fdb7453d000 r-xp 00000000 08:07 67586447                   /usr/lib64/libpthread-2.17.so
7fdb7453d000-7fdb7473d000 ---p 00016000 08:07 67586447                   /usr/lib64/libpthread-2.17.so
7fdb7473d000-7fdb7473e000 r--p 00016000 08:07 67586447                   /usr/lib64/libpthread-2.17.so
7fdb7473e000-7fdb7473f000 rw-p 00017000 08:07 67586447                   /usr/lib64/libpthread-2.17.so
7fdb7473f000-7fdb74743000 rw-p 00000000 00:00 0 
7fdb74743000-7fdb74764000 r-xp 00000000 08:07 70634618                   /usr/lib64/ld-2.17.so
7fdb74764000-7fdb74765000 r--s 00003000 08:07 134744665                  /usr/local/apache-maven-3.3.9/lib/maven-builder-support-3.3.9.jar
7fdb74765000-7fdb74768000 r--s 00026000 08:07 134744662                  /usr/local/apache-maven-3.3.9/lib/maven-model-3.3.9.jar
7fdb74768000-7fdb74775000 r--s 0008f000 08:07 134744661                  /usr/local/apache-maven-3.3.9/lib/maven-core-3.3.9.jar
7fdb74775000-7fdb74779000 r--s 00038000 08:07 134744660                  /usr/local/apache-maven-3.3.9/lib/plexus-utils-3.0.22.jar
7fdb74779000-7fdb7477c000 r--s 00013000 08:07 134744647                  /usr/local/apache-maven-3.3.9/lib/maven-embedder-3.3.9.jar
7fdb7477c000-7fdb7477e000 r--s 0000b000 08:07 69930020                   /usr/local/apache-maven-3.3.9/boot/plexus-classworlds-2.5.2.jar
7fdb7477e000-7fdb7478f000 rw-p 00000000 00:00 0 
7fdb7478f000-7fdb7483e000 rw-p 00000000 00:00 0 
7fdb7483e000-7fdb74841000 ---p 00000000 00:00 0 
7fdb74841000-7fdb74943000 rw-p 00000000 00:00 0                          [stack:5688]
7fdb74943000-7fdb74944000 r--s 0000a000 08:07 134744659                  /usr/local/apache-maven-3.3.9/lib/maven-settings-3.3.9.jar
7fdb74944000-7fdb74959000 rw-p 00000000 00:00 0 
7fdb74959000-7fdb74961000 rw-s 00000000 00:24 673495                     /tmp/hsperfdata_gzli/5682
7fdb74961000-7fdb74962000 rw-p 00000000 00:00 0 
7fdb74962000-7fdb74963000 ---p 00000000 00:00 0 
7fdb74963000-7fdb74964000 rw-p 00000000 00:00 0 
7fdb74964000-7fdb74965000 r--p 00021000 08:07 70634618                   /usr/lib64/ld-2.17.so
7fdb74965000-7fdb74966000 rw-p 00022000 08:07 70634618                   /usr/lib64/ld-2.17.so
7fdb74966000-7fdb74967000 rw-p 00000000 00:00 0 
7ffdf1088000-7ffdf10a9000 rw-p 00000000 00:00 0                          [stack]
7ffdf10bd000-7ffdf10bf000 r-xp 00000000 00:00 0                          [vdso]
ffffffffff600000-ffffffffff601000 r-xp 00000000 00:00 0                  [vsyscall]

VM Arguments:
jvm_args: -agentlib:jdwp=transport=dt_socket,suspend=y,address=localhost:31305 -Dmaven.home=/usr/local/apache-maven-3.3.9 -Dclassworlds.conf=/home/gzli/jeeworkspace/.metadata/.plugins/org.eclipse.m2e.launching/launches/m2conf6545579325957797361.tmp -Dmaven.multiModuleProjectDirectory=/home/gzli/${workspace_loc:/insurance} -Dfile.encoding=UTF-8 
java_command: org.codehaus.plexus.classworlds.launcher.Launcher -B -s /usr/local/apache-maven-3.3.9/conf/settings.xml tomcat7:run
Launcher Type: SUN_STANDARD

Environment Variables:
JAVA_HOME=/usr/lib/jdk/jdk1.8.0_65
JRE_HOME=/usr/lib/jdk/jdk1.8.0_65/jre
CLASSPATH=:.:/usr/lib/jdk/jdk1.8.0_65/lib:/usr/lib/jdk/jdk1.8.0_65/jre/lib
PATH=/opt/oracle/product/11.2.0.1/bin:/usr/sbin:/home/gzli/hadoop-2.7.1/bin:/home/gzli/hadoop-2.7.1/sbin:/usr/local/apache-maven-3.3.9/bin:/usr/lib/jdk/jdk1.8.0_65/bin:/usr/lib/jdk/jdk1.8.0_65/jre/bin:/usr/local/bin:/usr/local/sbin:/usr/bin:/usr/sbin:/bin:/sbin:/home/gzli/.local/bin:/home/gzli/bin
USERNAME=gzli
LD_LIBRARY_PATH=/opt/oracle/product/11.2.0.1/lib:/lib:/usr/lib
SHELL=/bin/bash
DISPLAY=:0

Signal Handlers:
SIGSEGV: [libjvm.so+0x9a3bf0], sa_mask[0]=0x7ffbfeff, sa_flags=0x10000004
SIGBUS: [libjvm.so+0x9a3bf0], sa_mask[0]=0x7ffbfeff, sa_flags=0x10000004
SIGFPE: [libjvm.so+0x81cb60], sa_mask[0]=0x7ffbfeff, sa_flags=0x10000004
SIGPIPE: [libjvm.so+0x81cb60], sa_mask[0]=0x7ffbfeff, sa_flags=0x10000004
SIGXFSZ: [libjvm.so+0x81cb60], sa_mask[0]=0x7ffbfeff, sa_flags=0x10000004
SIGILL: [libjvm.so+0x81cb60], sa_mask[0]=0x7ffbfeff, sa_flags=0x10000004
SIGUSR1: SIG_DFL, sa_mask[0]=0x00000000, sa_flags=0x00000000
SIGUSR2: [libjvm.so+0x81e360], sa_mask[0]=0x00000004, sa_flags=0x10000004
SIGHUP: [libjvm.so+0x81f480], sa_mask[0]=0x7ffbfeff, sa_flags=0x10000004
SIGINT: [libjvm.so+0x81f480], sa_mask[0]=0x7ffbfeff, sa_flags=0x10000004
SIGTERM: [libjvm.so+0x81f480], sa_mask[0]=0x7ffbfeff, sa_flags=0x10000004
SIGQUIT: [libjvm.so+0x81f480], sa_mask[0]=0x7ffbfeff, sa_flags=0x10000004


---------------  S Y S T E M  ---------------

OS:CentOS Linux release 7.2.1511 (Core) 

uname:Linux 3.10.0-327.36.1.el7.x86_64 #1 SMP Sun Sep 18 13:04:29 UTC 2016 x86_64
libc:glibc 2.17 NPTL 2.17 
rlimit: STACK 8192k, CORE 0k, NPROC 4096, NOFILE 4096, AS infinity
load average:1.78 0.89 0.58

/proc/meminfo:
MemTotal:        3964832 kB
MemFree:          176544 kB
MemAvailable:     400800 kB
Buffers:               0 kB
Cached:           502620 kB
SwapCached:       145336 kB
Active:          1944404 kB
Inactive:        1258028 kB
Active(anon):    1815132 kB
Inactive(anon):  1103424 kB
Active(file):     129272 kB
Inactive(file):   154604 kB
Unevictable:          24 kB
Mlocked:              24 kB
SwapTotal:       4064252 kB
SwapFree:        2897840 kB
Dirty:              4208 kB
Writeback:             0 kB
AnonPages:       2627552 kB
Mapped:           138756 kB
Shmem:            218568 kB
Slab:             286016 kB
SReclaimable:     193772 kB
SUnreclaim:        92244 kB
KernelStack:       11104 kB
PageTables:        41984 kB
NFS_Unstable:          0 kB
Bounce:                0 kB
WritebackTmp:          0 kB
CommitLimit:     6046668 kB
Committed_AS:    7105968 kB
VmallocTotal:   34359738367 kB
VmallocUsed:      568424 kB
VmallocChunk:   34359031932 kB
HardwareCorrupted:     0 kB
AnonHugePages:    325632 kB
HugePages_Total:       0
HugePages_Free:        0
HugePages_Rsvd:        0
HugePages_Surp:        0
Hugepagesize:       2048 kB
DirectMap4k:      151488 kB
DirectMap2M:     2912256 kB
DirectMap1G:     1048576 kB


CPU:total 4 (2 cores per cpu, 2 threads per core) family 6 model 61 stepping 4, cmov, cx8, fxsr, mmx, sse, sse2, sse3, ssse3, sse4.1, sse4.2, popcnt, avx, avx2, aes, erms, ht, tsc, tscinvbit

/proc/cpuinfo:
processor	: 0
vendor_id	: GenuineIntel
cpu family	: 6
model		: 61
model name	: Intel(R) Core(TM) i5-5200U CPU @ 2.20GHz
stepping	: 4
microcode	: 0x1f
cpu MHz		: 2602.531
cache size	: 3072 KB
physical id	: 0
siblings	: 4
core id		: 0
cpu cores	: 2
apicid		: 0
initial apicid	: 0
fpu		: yes
fpu_exception	: yes
cpuid level	: 20
wp		: yes
flags		: fpu vme de pse tsc msr pae mce cx8 apic sep mtrr pge mca cmov pat pse36 clflush dts acpi mmx fxsr sse sse2 ss ht tm pbe syscall nx pdpe1gb rdtscp lm constant_tsc arch_perfmon pebs bts rep_good nopl xtopology nonstop_tsc aperfmperf eagerfpu pni pclmulqdq dtes64 monitor ds_cpl vmx est tm2 ssse3 fma cx16 xtpr pdcm pcid sse4_1 sse4_2 x2apic movbe popcnt tsc_deadline_timer aes xsave avx f16c rdrand lahf_lm abm 3dnowprefetch ida arat epb pln pts dtherm tpr_shadow vnmi flexpriority ept vpid fsgsbase tsc_adjust bmi1 avx2 smep bmi2 erms invpcid rdseed adx smap xsaveopt
bogomips	: 4389.83
clflush size	: 64
cache_alignment	: 64
address sizes	: 39 bits physical, 48 bits virtual
power management:

processor	: 1
vendor_id	: GenuineIntel
cpu family	: 6
model		: 61
model name	: Intel(R) Core(TM) i5-5200U CPU @ 2.20GHz
stepping	: 4
microcode	: 0x1f
cpu MHz		: 2484.539
cache size	: 3072 KB
physical id	: 0
siblings	: 4
core id		: 1
cpu cores	: 2
apicid		: 2
initial apicid	: 2
fpu		: yes
fpu_exception	: yes
cpuid level	: 20
wp		: yes
flags		: fpu vme de pse tsc msr pae mce cx8 apic sep mtrr pge mca cmov pat pse36 clflush dts acpi mmx fxsr sse sse2 ss ht tm pbe syscall nx pdpe1gb rdtscp lm constant_tsc arch_perfmon pebs bts rep_good nopl xtopology nonstop_tsc aperfmperf eagerfpu pni pclmulqdq dtes64 monitor ds_cpl vmx est tm2 ssse3 fma cx16 xtpr pdcm pcid sse4_1 sse4_2 x2apic movbe popcnt tsc_deadline_timer aes xsave avx f16c rdrand lahf_lm abm 3dnowprefetch ida arat epb pln pts dtherm tpr_shadow vnmi flexpriority ept vpid fsgsbase tsc_adjust bmi1 avx2 smep bmi2 erms invpcid rdseed adx smap xsaveopt
bogomips	: 4389.83
clflush size	: 64
cache_alignment	: 64
address sizes	: 39 bits physical, 48 bits virtual
power management:

processor	: 2
vendor_id	: GenuineIntel
cpu family	: 6
model		: 61
model name	: Intel(R) Core(TM) i5-5200U CPU @ 2.20GHz
stepping	: 4
microcode	: 0x1f
cpu MHz		: 2599.781
cache size	: 3072 KB
physical id	: 0
siblings	: 4
core id		: 0
cpu cores	: 2
apicid		: 1
initial apicid	: 1
fpu		: yes
fpu_exception	: yes
cpuid level	: 20
wp		: yes
flags		: fpu vme de pse tsc msr pae mce cx8 apic sep mtrr pge mca cmov pat pse36 clflush dts acpi mmx fxsr sse sse2 ss ht tm pbe syscall nx pdpe1gb rdtscp lm constant_tsc arch_perfmon pebs bts rep_good nopl xtopology nonstop_tsc aperfmperf eagerfpu pni pclmulqdq dtes64 monitor ds_cpl vmx est tm2 ssse3 fma cx16 xtpr pdcm pcid sse4_1 sse4_2 x2apic movbe popcnt tsc_deadline_timer aes xsave avx f16c rdrand lahf_lm abm 3dnowprefetch ida arat epb pln pts dtherm tpr_shadow vnmi flexpriority ept vpid fsgsbase tsc_adjust bmi1 avx2 smep bmi2 erms invpcid rdseed adx smap xsaveopt
bogomips	: 4389.83
clflush size	: 64
cache_alignment	: 64
address sizes	: 39 bits physical, 48 bits virtual
power management:

processor	: 3
vendor_id	: GenuineIntel
cpu family	: 6
model		: 61
model name	: Intel(R) Core(TM) i5-5200U CPU @ 2.20GHz
stepping	: 4
microcode	: 0x1f
cpu MHz		: 2494.164
cache size	: 3072 KB
physical id	: 0
siblings	: 4
core id		: 1
cpu cores	: 2
apicid		: 3
initial apicid	: 3
fpu		: yes
fpu_exception	: yes
cpuid level	: 20
wp		: yes
flags		: fpu vme de pse tsc msr pae mce cx8 apic sep mtrr pge mca cmov pat pse36 clflush dts acpi mmx fxsr sse sse2 ss ht tm pbe syscall nx pdpe1gb rdtscp lm constant_tsc arch_perfmon pebs bts rep_good nopl xtopology nonstop_tsc aperfmperf eagerfpu pni pclmulqdq dtes64 monitor ds_cpl vmx est tm2 ssse3 fma cx16 xtpr pdcm pcid sse4_1 sse4_2 x2apic movbe popcnt tsc_deadline_timer aes xsave avx f16c rdrand lahf_lm abm 3dnowprefetch ida arat epb pln pts dtherm tpr_shadow vnmi flexpriority ept vpid fsgsbase tsc_adjust bmi1 avx2 smep bmi2 erms invpcid rdseed adx smap xsaveopt
bogomips	: 4389.83
clflush size	: 64
cache_alignment	: 64
address sizes	: 39 bits physical, 48 bits virtual
power management:



Memory: 4k page, physical 3964832k(176544k free), swap 4064252k(2897840k free)

vm_info: Java HotSpot(TM) 64-Bit Server VM (24.79-b02) for linux-amd64 JRE (1.7.0_79-b15), built on Apr 10 2015 11:34:48 by "java_re" with gcc 4.3.0 20080428 (Red Hat 4.3.0-8)

time: Mon Apr 22 10:33:14 2019
elapsed time: 1924 seconds

